<?xml version="1.0" encoding="UTF-8"?>
<testng-results skipped="0" failed="8" ignored="0" total="27" passed="19">
  <reporter-output>
  </reporter-output>
  <suite name="TestNGSuite" duration-ms="531064" started-at="2019-12-18T00:14:20Z" finished-at="2019-12-18T00:23:11Z">
    <groups>
    </groups>
    <test name="test2" duration-ms="531064" started-at="2019-12-18T00:14:20Z" finished-at="2019-12-18T00:23:11Z">
      <class name="com.edu.lijiaqi.reim.Process">
        <test-method status="PASS" signature="doBeforeClass()[pri:0, instance:com.edu.lijiaqi.reim.Process@6d4b1c02]" name="doBeforeClass" is-config="true" duration-ms="15595" started-at="2019-12-18T00:17:49Z" finished-at="2019-12-18T00:18:05Z">
          <reporter-output>
          </reporter-output>
        </test-method> <!-- doBeforeClass -->
        <test-method status="PASS" signature="processAdd(java.lang.String, java.lang.String)[pri:0, instance:com.edu.lijiaqi.reim.Process@6d4b1c02]" name="processAdd" duration-ms="33857" started-at="2019-12-18T00:18:05Z" description="审核人员分组新增组" data-provider="data4" finished-at="2019-12-18T00:18:39Z">
          <params>
            <param index="0">
              <value>
                <![CDATA[审核人员分组2]]>
              </value>
            </param>
            <param index="1">
              <value>
                <![CDATA[group2]]>
              </value>
            </param>
          </params>
          <reporter-output>
          </reporter-output>
        </test-method> <!-- processAdd -->
        <test-method status="PASS" signature="processAdd(java.lang.String, java.lang.String)[pri:0, instance:com.edu.lijiaqi.reim.Process@6d4b1c02]" name="processAdd" duration-ms="34054" started-at="2019-12-18T00:18:39Z" description="审核人员分组新增组" data-provider="data4" finished-at="2019-12-18T00:19:13Z">
          <params>
            <param index="0">
              <value>
                <![CDATA[审核人员分组3]]>
              </value>
            </param>
            <param index="1">
              <value>
                <![CDATA[group2]]>
              </value>
            </param>
          </params>
          <reporter-output>
          </reporter-output>
        </test-method> <!-- processAdd -->
        <test-method status="PASS" signature="processChange()[pri:0, instance:com.edu.lijiaqi.reim.Process@6d4b1c02]" name="processChange" duration-ms="30533" started-at="2019-12-18T00:19:13Z" description="审核人员分组修改" finished-at="2019-12-18T00:19:43Z">
          <reporter-output>
          </reporter-output>
        </test-method> <!-- processChange -->
        <test-method status="PASS" signature="processDelete()[pri:0, instance:com.edu.lijiaqi.reim.Process@6d4b1c02]" name="processDelete" duration-ms="9826" started-at="2019-12-18T00:19:43Z" description="审核人员分组删除" finished-at="2019-12-18T00:19:53Z">
          <reporter-output>
          </reporter-output>
        </test-method> <!-- processDelete -->
        <test-method status="PASS" signature="doAfterClass()[pri:0, instance:com.edu.lijiaqi.reim.Process@6d4b1c02]" name="doAfterClass" is-config="true" duration-ms="4471" started-at="2019-12-18T00:19:53Z" finished-at="2019-12-18T00:19:58Z">
          <reporter-output>
          </reporter-output>
        </test-method> <!-- doAfterClass -->
      </class> <!-- com.edu.lijiaqi.reim.Process -->
      <class name="com.edu.lijiaqi.reim.ProcessTerm">
        <test-method status="PASS" signature="doBeforeClass()[pri:0, instance:com.edu.lijiaqi.reim.ProcessTerm@4883b407]" name="doBeforeClass" is-config="true" duration-ms="16886" started-at="2019-12-18T00:22:16Z" finished-at="2019-12-18T00:22:32Z">
          <reporter-output>
          </reporter-output>
        </test-method> <!-- doBeforeClass -->
        <test-method status="PASS" signature="termAdd()[pri:0, instance:com.edu.lijiaqi.reim.ProcessTerm@4883b407]" name="termAdd" duration-ms="31332" started-at="2019-12-18T00:22:32Z" description="筛选条件并新增" finished-at="2019-12-18T00:23:04Z">
          <reporter-output>
          </reporter-output>
        </test-method> <!-- termAdd -->
        <test-method status="FAIL" signature="termDelete()[pri:0, instance:com.edu.lijiaqi.reim.ProcessTerm@4883b407]" name="termDelete" duration-ms="3303" started-at="2019-12-18T00:23:04Z" description="筛选条件并删除" finished-at="2019-12-18T00:23:07Z">
          <exception class="org.openqa.selenium.ElementClickInterceptedException">
            <message>
              <![CDATA[Element <button id="del_1576628556354_1650" class="btn btn-danger" type="button"> is not clickable at point (1455,121) because another element <div id="notify_show_systodo" class="animate slideInRight boxs"> obscures it
Build info: version: '3.141.59', revision: 'e82be7d358', time: '2018-11-14T08:25:53'
System info: host: '小琪琪的XPRO', ip: '169.254.129.110', os.name: 'Windows 10', os.arch: 'amd64', os.version: '10.0', java.version: '1.8.0_171'
Driver info: org.openqa.selenium.firefox.FirefoxDriver
Capabilities {acceptInsecureCerts: true, browserName: firefox, browserVersion: 65.0.2, javascriptEnabled: true, moz:accessibilityChecks: false, moz:geckodriverVersion: 0.24.0, moz:headless: false, moz:processID: 20236, moz:profile: C:\Users\李嘉琪\AppData\Local\..., moz:shutdownTimeout: 60000, moz:useNonSpecCompliantPointerOrigin: false, moz:webdriverClick: true, pageLoadStrategy: normal, platform: WINDOWS, platformName: WINDOWS, platformVersion: 10.0, rotatable: false, setWindowRect: true, strictFileInteractability: false, timeouts: {implicit: 0, pageLoad: 300000, script: 30000}, unhandledPromptBehavior: dismiss and notify}
Session ID: b277f17c-d595-4c1d-bf38-f6e6c46871b2]]>
            </message>
            <full-stacktrace>
              <![CDATA[org.openqa.selenium.ElementClickInterceptedException: Element <button id="del_1576628556354_1650" class="btn btn-danger" type="button"> is not clickable at point (1455,121) because another element <div id="notify_show_systodo" class="animate slideInRight boxs"> obscures it
Build info: version: '3.141.59', revision: 'e82be7d358', time: '2018-11-14T08:25:53'
System info: host: '小琪琪的XPRO', ip: '169.254.129.110', os.name: 'Windows 10', os.arch: 'amd64', os.version: '10.0', java.version: '1.8.0_171'
Driver info: org.openqa.selenium.firefox.FirefoxDriver
Capabilities {acceptInsecureCerts: true, browserName: firefox, browserVersion: 65.0.2, javascriptEnabled: true, moz:accessibilityChecks: false, moz:geckodriverVersion: 0.24.0, moz:headless: false, moz:processID: 20236, moz:profile: C:\Users\李嘉琪\AppData\Local\..., moz:shutdownTimeout: 60000, moz:useNonSpecCompliantPointerOrigin: false, moz:webdriverClick: true, pageLoadStrategy: normal, platform: WINDOWS, platformName: WINDOWS, platformVersion: 10.0, rotatable: false, setWindowRect: true, strictFileInteractability: false, timeouts: {implicit: 0, pageLoad: 300000, script: 30000}, unhandledPromptBehavior: dismiss and notify}
Session ID: b277f17c-d595-4c1d-bf38-f6e6c46871b2
at sun.reflect.NativeConstructorAccessorImpl.newInstance0(Native Method)
at sun.reflect.NativeConstructorAccessorImpl.newInstance(NativeConstructorAccessorImpl.java:62)
at sun.reflect.DelegatingConstructorAccessorImpl.newInstance(DelegatingConstructorAccessorImpl.java:45)
at java.lang.reflect.Constructor.newInstance(Constructor.java:423)
at org.openqa.selenium.remote.http.W3CHttpResponseCodec.createException(W3CHttpResponseCodec.java:187)
at org.openqa.selenium.remote.http.W3CHttpResponseCodec.decode(W3CHttpResponseCodec.java:122)
at org.openqa.selenium.remote.http.W3CHttpResponseCodec.decode(W3CHttpResponseCodec.java:49)
at org.openqa.selenium.remote.HttpCommandExecutor.execute(HttpCommandExecutor.java:158)
at org.openqa.selenium.remote.service.DriverCommandExecutor.execute(DriverCommandExecutor.java:83)
at org.openqa.selenium.remote.RemoteWebDriver.execute(RemoteWebDriver.java:552)
at org.openqa.selenium.remote.RemoteWebElement.execute(RemoteWebElement.java:285)
at org.openqa.selenium.remote.RemoteWebElement.click(RemoteWebElement.java:84)
at com.webtest.core.WebDriverEngine.click(WebDriverEngine.java:145)
at com.edu.lijiaqi.reim.ProcessTerm.termDelete(ProcessTerm.java:30)
at sun.reflect.NativeMethodAccessorImpl.invoke0(Native Method)
at sun.reflect.NativeMethodAccessorImpl.invoke(NativeMethodAccessorImpl.java:62)
at sun.reflect.DelegatingMethodAccessorImpl.invoke(DelegatingMethodAccessorImpl.java:43)
at java.lang.reflect.Method.invoke(Method.java:498)
at org.testng.internal.MethodInvocationHelper.invokeMethod(MethodInvocationHelper.java:124)
at org.testng.internal.Invoker.invokeMethod(Invoker.java:583)
at org.testng.internal.Invoker.invokeTestMethod(Invoker.java:719)
at org.testng.internal.Invoker.invokeTestMethods(Invoker.java:989)
at org.testng.internal.TestMethodWorker.invokeTestMethods(TestMethodWorker.java:125)
at org.testng.internal.TestMethodWorker.run(TestMethodWorker.java:109)
at org.testng.TestRunner.privateRun(TestRunner.java:648)
at org.testng.TestRunner.run(TestRunner.java:505)
at org.testng.SuiteRunner.runTest(SuiteRunner.java:455)
at org.testng.SuiteRunner.runSequentially(SuiteRunner.java:450)
at org.testng.SuiteRunner.privateRun(SuiteRunner.java:415)
at org.testng.SuiteRunner.run(SuiteRunner.java:364)
at org.testng.SuiteRunnerWorker.runSuite(SuiteRunnerWorker.java:52)
at org.testng.SuiteRunnerWorker.run(SuiteRunnerWorker.java:84)
at org.testng.TestNG.runSuitesSequentially(TestNG.java:1208)
at org.testng.TestNG.runSuitesLocally(TestNG.java:1137)
at org.testng.TestNG.runSuites(TestNG.java:1049)
at org.testng.TestNG.run(TestNG.java:1017)
at org.testng.remote.AbstractRemoteTestNG.run(AbstractRemoteTestNG.java:115)
at org.testng.remote.RemoteTestNG.initAndRun(RemoteTestNG.java:251)
at org.testng.remote.RemoteTestNG.main(RemoteTestNG.java:77)
]]>
            </full-stacktrace>
          </exception> <!-- org.openqa.selenium.ElementClickInterceptedException -->
          <reporter-output>
          </reporter-output>
        </test-method> <!-- termDelete -->
        <test-method status="PASS" signature="doAfterClass()[pri:0, instance:com.edu.lijiaqi.reim.ProcessTerm@4883b407]" name="doAfterClass" is-config="true" duration-ms="4434" started-at="2019-12-18T00:23:07Z" finished-at="2019-12-18T00:23:11Z">
          <reporter-output>
          </reporter-output>
        </test-method> <!-- doAfterClass -->
      </class> <!-- com.edu.lijiaqi.reim.ProcessTerm -->
      <class name="com.edu.lijiaqi.reim.ReimSet">
        <test-method status="PASS" signature="doBeforeClass()[pri:0, instance:com.edu.lijiaqi.reim.ReimSet@7cd62f43]" name="doBeforeClass" is-config="true" duration-ms="16480" started-at="2019-12-18T00:16:20Z" finished-at="2019-12-18T00:16:37Z">
          <reporter-output>
          </reporter-output>
        </test-method> <!-- doBeforeClass -->
        <test-method status="PASS" signature="setDemo1()[pri:0, instance:com.edu.lijiaqi.reim.ReimSet@7cd62f43]" name="setDemo1" duration-ms="10485" started-at="2019-12-18T00:16:37Z" description="打开设置提醒" finished-at="2019-12-18T00:16:47Z">
          <reporter-output>
          </reporter-output>
        </test-method> <!-- setDemo1 -->
        <test-method status="PASS" signature="setDemo2(java.lang.String)[pri:0, instance:com.edu.lijiaqi.reim.ReimSet@7cd62f43]" name="setDemo2" duration-ms="15313" started-at="2019-12-18T00:16:48Z" description="创建会话" data-provider="data1" finished-at="2019-12-18T00:17:03Z">
          <params>
            <param index="0">
              <value>
                <![CDATA[abc]]>
              </value>
            </param>
          </params>
          <reporter-output>
          </reporter-output>
        </test-method> <!-- setDemo2 -->
        <test-method status="FAIL" signature="setDemo2(java.lang.String)[pri:0, instance:com.edu.lijiaqi.reim.ReimSet@7cd62f43]" name="setDemo2" duration-ms="11978" started-at="2019-12-18T00:17:03Z" description="创建会话" data-provider="data1" finished-at="2019-12-18T00:17:15Z">
          <params>
            <param index="0">
              <value>
                <![CDATA[你好]]>
              </value>
            </param>
          </params>
          <exception class="java.lang.AssertionError">
            <message>
              <![CDATA[expected [true] but found [false]]]>
            </message>
            <full-stacktrace>
              <![CDATA[java.lang.AssertionError: expected [true] but found [false]
at org.testng.Assert.fail(Assert.java:96)
at org.testng.Assert.failNotEquals(Assert.java:776)
at org.testng.Assert.assertTrue(Assert.java:44)
at org.testng.Assert.assertTrue(Assert.java:54)
at com.edu.lijiaqi.reim.ReimSet.setDemo2(ReimSet.java:38)
at sun.reflect.NativeMethodAccessorImpl.invoke0(Native Method)
at sun.reflect.NativeMethodAccessorImpl.invoke(NativeMethodAccessorImpl.java:62)
at sun.reflect.DelegatingMethodAccessorImpl.invoke(DelegatingMethodAccessorImpl.java:43)
at java.lang.reflect.Method.invoke(Method.java:498)
at org.testng.internal.MethodInvocationHelper.invokeMethod(MethodInvocationHelper.java:124)
at org.testng.internal.Invoker.invokeMethod(Invoker.java:583)
at org.testng.internal.Invoker.invokeTestMethod(Invoker.java:719)
at org.testng.internal.Invoker.invokeTestMethods(Invoker.java:989)
at org.testng.internal.TestMethodWorker.invokeTestMethods(TestMethodWorker.java:125)
at org.testng.internal.TestMethodWorker.run(TestMethodWorker.java:109)
at org.testng.TestRunner.privateRun(TestRunner.java:648)
at org.testng.TestRunner.run(TestRunner.java:505)
at org.testng.SuiteRunner.runTest(SuiteRunner.java:455)
at org.testng.SuiteRunner.runSequentially(SuiteRunner.java:450)
at org.testng.SuiteRunner.privateRun(SuiteRunner.java:415)
at org.testng.SuiteRunner.run(SuiteRunner.java:364)
at org.testng.SuiteRunnerWorker.runSuite(SuiteRunnerWorker.java:52)
at org.testng.SuiteRunnerWorker.run(SuiteRunnerWorker.java:84)
at org.testng.TestNG.runSuitesSequentially(TestNG.java:1208)
at org.testng.TestNG.runSuitesLocally(TestNG.java:1137)
at org.testng.TestNG.runSuites(TestNG.java:1049)
at org.testng.TestNG.run(TestNG.java:1017)
at org.testng.remote.AbstractRemoteTestNG.run(AbstractRemoteTestNG.java:115)
at org.testng.remote.RemoteTestNG.initAndRun(RemoteTestNG.java:251)
at org.testng.remote.RemoteTestNG.main(RemoteTestNG.java:77)
]]>
            </full-stacktrace>
          </exception> <!-- java.lang.AssertionError -->
          <reporter-output>
          </reporter-output>
        </test-method> <!-- setDemo2 -->
        <test-method status="PASS" signature="setDemo2(java.lang.String)[pri:0, instance:com.edu.lijiaqi.reim.ReimSet@7cd62f43]" name="setDemo2" duration-ms="12029" started-at="2019-12-18T00:17:15Z" description="创建会话" data-provider="data1" finished-at="2019-12-18T00:17:27Z">
          <params>
            <param index="0">
              <value>
                <![CDATA[你a@<script>]]>
              </value>
            </param>
          </params>
          <reporter-output>
          </reporter-output>
        </test-method> <!-- setDemo2 -->
        <test-method status="PASS" signature="setDemo3()[pri:0, instance:com.edu.lijiaqi.reim.ReimSet@7cd62f43]" name="setDemo3" duration-ms="3643" started-at="2019-12-18T00:17:27Z" description="刷新reim页面" finished-at="2019-12-18T00:17:31Z">
          <reporter-output>
          </reporter-output>
        </test-method> <!-- setDemo3 -->
        <test-method status="PASS" signature="setDemo4()[pri:0, instance:com.edu.lijiaqi.reim.ReimSet@7cd62f43]" name="setDemo4" duration-ms="13665" started-at="2019-12-18T00:17:31Z" description="组织机构模块功能是否正常" finished-at="2019-12-18T00:17:44Z">
          <reporter-output>
          </reporter-output>
        </test-method> <!-- setDemo4 -->
        <test-method status="PASS" signature="doAfterClass()[pri:0, instance:com.edu.lijiaqi.reim.ReimSet@7cd62f43]" name="doAfterClass" is-config="true" duration-ms="4984" started-at="2019-12-18T00:17:44Z" finished-at="2019-12-18T00:17:49Z">
          <reporter-output>
          </reporter-output>
        </test-method> <!-- doAfterClass -->
      </class> <!-- com.edu.lijiaqi.reim.ReimSet -->
      <class name="com.edu.lijiaqi.reim.ProcessData">
        <test-method status="PASS" signature="doBeforeClass()[pri:0, instance:com.edu.lijiaqi.reim.ProcessData@6093dd95]" name="doBeforeClass" is-config="true" duration-ms="16977" started-at="2019-12-18T00:19:58Z" finished-at="2019-12-18T00:20:15Z">
          <reporter-output>
          </reporter-output>
        </test-method> <!-- doBeforeClass -->
        <test-method status="PASS" signature="dataAdd1()[pri:0, instance:com.edu.lijiaqi.reim.ProcessData@6093dd95]" name="dataAdd1" duration-ms="21045" started-at="2019-12-18T00:20:15Z" description="数据新增" finished-at="2019-12-18T00:20:36Z">
          <reporter-output>
          </reporter-output>
        </test-method> <!-- dataAdd1 -->
        <test-method status="PASS" signature="dataAdd2()[pri:0, instance:com.edu.lijiaqi.reim.ProcessData@6093dd95]" name="dataAdd2" duration-ms="12106" started-at="2019-12-18T00:20:36Z" description="数据新增只填名称" finished-at="2019-12-18T00:20:48Z">
          <reporter-output>
          </reporter-output>
        </test-method> <!-- dataAdd2 -->
        <test-method status="PASS" signature="dataDelete()[pri:0, instance:com.edu.lijiaqi.reim.ProcessData@6093dd95]" name="dataDelete" duration-ms="6894" started-at="2019-12-18T00:20:48Z" description="数据删除" finished-at="2019-12-18T00:20:55Z">
          <reporter-output>
          </reporter-output>
        </test-method> <!-- dataDelete -->
        <test-method status="PASS" signature="doAfterClass()[pri:0, instance:com.edu.lijiaqi.reim.ProcessData@6093dd95]" name="doAfterClass" is-config="true" duration-ms="4421" started-at="2019-12-18T00:20:55Z" finished-at="2019-12-18T00:20:59Z">
          <reporter-output>
          </reporter-output>
        </test-method> <!-- doAfterClass -->
      </class> <!-- com.edu.lijiaqi.reim.ProcessData -->
      <class name="com.edu.lijiaqi.reim.ReimChat">
        <test-method status="PASS" signature="doBeforeClass()[pri:0, instance:com.edu.lijiaqi.reim.ReimChat@6a41eaa2]" name="doBeforeClass" is-config="true" duration-ms="15986" started-at="2019-12-18T00:15:02Z" finished-at="2019-12-18T00:15:18Z">
          <reporter-output>
          </reporter-output>
        </test-method> <!-- doBeforeClass -->
        <test-method status="PASS" signature="chatDemo1(java.lang.String)[pri:0, instance:com.edu.lijiaqi.reim.ReimChat@6a41eaa2]" name="chatDemo1" duration-ms="23410" started-at="2019-12-18T00:15:18Z" description="发送信息" data-provider="data2" finished-at="2019-12-18T00:15:42Z">
          <params>
            <param index="0">
              <value>
                <![CDATA[hello]]>
              </value>
            </param>
          </params>
          <reporter-output>
          </reporter-output>
        </test-method> <!-- chatDemo1 -->
        <test-method status="FAIL" signature="chatDemo1(java.lang.String)[pri:0, instance:com.edu.lijiaqi.reim.ReimChat@6a41eaa2]" name="chatDemo1" duration-ms="15412" started-at="2019-12-18T00:15:42Z" description="发送信息" data-provider="data2" finished-at="2019-12-18T00:15:57Z">
          <params>
            <param index="0">
              <value>
                <![CDATA[[微笑]]]>
              </value>
            </param>
          </params>
          <exception class="java.lang.AssertionError">
            <message>
              <![CDATA[expected [true] but found [false]]]>
            </message>
            <full-stacktrace>
              <![CDATA[java.lang.AssertionError: expected [true] but found [false]
at org.testng.Assert.fail(Assert.java:96)
at org.testng.Assert.failNotEquals(Assert.java:776)
at org.testng.Assert.assertTrue(Assert.java:44)
at org.testng.Assert.assertTrue(Assert.java:54)
at com.edu.lijiaqi.reim.ReimChat.chatDemo1(ReimChat.java:35)
at sun.reflect.NativeMethodAccessorImpl.invoke0(Native Method)
at sun.reflect.NativeMethodAccessorImpl.invoke(NativeMethodAccessorImpl.java:62)
at sun.reflect.DelegatingMethodAccessorImpl.invoke(DelegatingMethodAccessorImpl.java:43)
at java.lang.reflect.Method.invoke(Method.java:498)
at org.testng.internal.MethodInvocationHelper.invokeMethod(MethodInvocationHelper.java:124)
at org.testng.internal.Invoker.invokeMethod(Invoker.java:583)
at org.testng.internal.Invoker.invokeTestMethod(Invoker.java:719)
at org.testng.internal.Invoker.invokeTestMethods(Invoker.java:989)
at org.testng.internal.TestMethodWorker.invokeTestMethods(TestMethodWorker.java:125)
at org.testng.internal.TestMethodWorker.run(TestMethodWorker.java:109)
at org.testng.TestRunner.privateRun(TestRunner.java:648)
at org.testng.TestRunner.run(TestRunner.java:505)
at org.testng.SuiteRunner.runTest(SuiteRunner.java:455)
at org.testng.SuiteRunner.runSequentially(SuiteRunner.java:450)
at org.testng.SuiteRunner.privateRun(SuiteRunner.java:415)
at org.testng.SuiteRunner.run(SuiteRunner.java:364)
at org.testng.SuiteRunnerWorker.runSuite(SuiteRunnerWorker.java:52)
at org.testng.SuiteRunnerWorker.run(SuiteRunnerWorker.java:84)
at org.testng.TestNG.runSuitesSequentially(TestNG.java:1208)
at org.testng.TestNG.runSuitesLocally(TestNG.java:1137)
at org.testng.TestNG.runSuites(TestNG.java:1049)
at org.testng.TestNG.run(TestNG.java:1017)
at org.testng.remote.AbstractRemoteTestNG.run(AbstractRemoteTestNG.java:115)
at org.testng.remote.RemoteTestNG.initAndRun(RemoteTestNG.java:251)
at org.testng.remote.RemoteTestNG.main(RemoteTestNG.java:77)
]]>
            </full-stacktrace>
          </exception> <!-- java.lang.AssertionError -->
          <reporter-output>
          </reporter-output>
        </test-method> <!-- chatDemo1 -->
        <test-method status="FAIL" signature="chatDemo1(java.lang.String)[pri:0, instance:com.edu.lijiaqi.reim.ReimChat@6a41eaa2]" name="chatDemo1" duration-ms="15366" started-at="2019-12-18T00:15:57Z" description="发送信息" data-provider="data2" finished-at="2019-12-18T00:16:12Z">
          <params>
            <param index="0">
              <value>
                <![CDATA[script@a?[微笑]]]>
              </value>
            </param>
          </params>
          <exception class="java.lang.AssertionError">
            <message>
              <![CDATA[expected [true] but found [false]]]>
            </message>
            <full-stacktrace>
              <![CDATA[java.lang.AssertionError: expected [true] but found [false]
at org.testng.Assert.fail(Assert.java:96)
at org.testng.Assert.failNotEquals(Assert.java:776)
at org.testng.Assert.assertTrue(Assert.java:44)
at org.testng.Assert.assertTrue(Assert.java:54)
at com.edu.lijiaqi.reim.ReimChat.chatDemo1(ReimChat.java:35)
at sun.reflect.NativeMethodAccessorImpl.invoke0(Native Method)
at sun.reflect.NativeMethodAccessorImpl.invoke(NativeMethodAccessorImpl.java:62)
at sun.reflect.DelegatingMethodAccessorImpl.invoke(DelegatingMethodAccessorImpl.java:43)
at java.lang.reflect.Method.invoke(Method.java:498)
at org.testng.internal.MethodInvocationHelper.invokeMethod(MethodInvocationHelper.java:124)
at org.testng.internal.Invoker.invokeMethod(Invoker.java:583)
at org.testng.internal.Invoker.invokeTestMethod(Invoker.java:719)
at org.testng.internal.Invoker.invokeTestMethods(Invoker.java:989)
at org.testng.internal.TestMethodWorker.invokeTestMethods(TestMethodWorker.java:125)
at org.testng.internal.TestMethodWorker.run(TestMethodWorker.java:109)
at org.testng.TestRunner.privateRun(TestRunner.java:648)
at org.testng.TestRunner.run(TestRunner.java:505)
at org.testng.SuiteRunner.runTest(SuiteRunner.java:455)
at org.testng.SuiteRunner.runSequentially(SuiteRunner.java:450)
at org.testng.SuiteRunner.privateRun(SuiteRunner.java:415)
at org.testng.SuiteRunner.run(SuiteRunner.java:364)
at org.testng.SuiteRunnerWorker.runSuite(SuiteRunnerWorker.java:52)
at org.testng.SuiteRunnerWorker.run(SuiteRunnerWorker.java:84)
at org.testng.TestNG.runSuitesSequentially(TestNG.java:1208)
at org.testng.TestNG.runSuitesLocally(TestNG.java:1137)
at org.testng.TestNG.runSuites(TestNG.java:1049)
at org.testng.TestNG.run(TestNG.java:1017)
at org.testng.remote.AbstractRemoteTestNG.run(AbstractRemoteTestNG.java:115)
at org.testng.remote.RemoteTestNG.initAndRun(RemoteTestNG.java:251)
at org.testng.remote.RemoteTestNG.main(RemoteTestNG.java:77)
]]>
            </full-stacktrace>
          </exception> <!-- java.lang.AssertionError -->
          <reporter-output>
          </reporter-output>
        </test-method> <!-- chatDemo1 -->
        <test-method status="PASS" signature="chatDemo2()[pri:0, instance:com.edu.lijiaqi.reim.ReimChat@6a41eaa2]" name="chatDemo2" duration-ms="3243" started-at="2019-12-18T00:16:12Z" description="会话框关闭" finished-at="2019-12-18T00:16:16Z">
          <reporter-output>
          </reporter-output>
        </test-method> <!-- chatDemo2 -->
        <test-method status="PASS" signature="doAfterClass()[pri:0, instance:com.edu.lijiaqi.reim.ReimChat@6a41eaa2]" name="doAfterClass" is-config="true" duration-ms="4887" started-at="2019-12-18T00:16:16Z" finished-at="2019-12-18T00:16:20Z">
          <reporter-output>
          </reporter-output>
        </test-method> <!-- doAfterClass -->
      </class> <!-- com.edu.lijiaqi.reim.ReimChat -->
      <class name="com.edu.lijiaqi.reim.ProcessList">
        <test-method status="PASS" signature="doBeforeClass()[pri:0, instance:com.edu.lijiaqi.reim.ProcessList@5622fdf]" name="doBeforeClass" is-config="true" duration-ms="15595" started-at="2019-12-18T00:20:59Z" finished-at="2019-12-18T00:21:15Z">
          <reporter-output>
          </reporter-output>
        </test-method> <!-- doBeforeClass -->
        <test-method status="PASS" signature="listAdd(java.lang.String, java.lang.String, java.lang.String, java.lang.String)[pri:0, instance:com.edu.lijiaqi.reim.ProcessList@5622fdf]" name="listAdd" duration-ms="24767" started-at="2019-12-18T00:21:15Z" description="新增流程模块" data-provider="data5" finished-at="2019-12-18T00:21:40Z">
          <params>
            <param index="0">
              <value>
                <![CDATA[1a1a]]>
              </value>
            </param>
            <param index="1">
              <value>
                <![CDATA[1a1a]]>
              </value>
            </param>
            <param index="2">
              <value>
                <![CDATA[1a1a]]>
              </value>
            </param>
            <param index="3">
              <value>
                <![CDATA[1a1a]]>
              </value>
            </param>
          </params>
          <reporter-output>
          </reporter-output>
        </test-method> <!-- listAdd -->
        <test-method status="PASS" signature="listAdd(java.lang.String, java.lang.String, java.lang.String, java.lang.String)[pri:0, instance:com.edu.lijiaqi.reim.ProcessList@5622fdf]" name="listAdd" duration-ms="24633" started-at="2019-12-18T00:21:40Z" description="新增流程模块" data-provider="data5" finished-at="2019-12-18T00:22:04Z">
          <params>
            <param index="0">
              <value>
                <![CDATA[哈哈]]>
              </value>
            </param>
            <param index="1">
              <value>
                <![CDATA[嘿嘿]]>
              </value>
            </param>
            <param index="2">
              <value>
                <![CDATA[啦啦]]>
              </value>
            </param>
            <param index="3">
              <value>
                <![CDATA[asd]]>
              </value>
            </param>
          </params>
          <reporter-output>
          </reporter-output>
        </test-method> <!-- listAdd -->
        <test-method status="FAIL" signature="listChange()[pri:0, instance:com.edu.lijiaqi.reim.ProcessList@5622fdf]" name="listChange" duration-ms="3349" started-at="2019-12-18T00:22:04Z" description="编辑流程模块" finished-at="2019-12-18T00:22:08Z">
          <exception class="org.openqa.selenium.ElementClickInterceptedException">
            <message>
              <![CDATA[Element <button id="edit_1576628478819_163" class="btn btn-info" type="button"> is not clickable at point (1376,121) because another element <div> obscures it
Build info: version: '3.141.59', revision: 'e82be7d358', time: '2018-11-14T08:25:53'
System info: host: '小琪琪的XPRO', ip: '169.254.129.110', os.name: 'Windows 10', os.arch: 'amd64', os.version: '10.0', java.version: '1.8.0_171'
Driver info: org.openqa.selenium.firefox.FirefoxDriver
Capabilities {acceptInsecureCerts: true, browserName: firefox, browserVersion: 65.0.2, javascriptEnabled: true, moz:accessibilityChecks: false, moz:geckodriverVersion: 0.24.0, moz:headless: false, moz:processID: 19620, moz:profile: C:\Users\李嘉琪\AppData\Local\..., moz:shutdownTimeout: 60000, moz:useNonSpecCompliantPointerOrigin: false, moz:webdriverClick: true, pageLoadStrategy: normal, platform: WINDOWS, platformName: WINDOWS, platformVersion: 10.0, rotatable: false, setWindowRect: true, strictFileInteractability: false, timeouts: {implicit: 0, pageLoad: 300000, script: 30000}, unhandledPromptBehavior: dismiss and notify}
Session ID: 03e6b9e9-b17c-46af-8533-853f6ac067c1]]>
            </message>
            <full-stacktrace>
              <![CDATA[org.openqa.selenium.ElementClickInterceptedException: Element <button id="edit_1576628478819_163" class="btn btn-info" type="button"> is not clickable at point (1376,121) because another element <div> obscures it
Build info: version: '3.141.59', revision: 'e82be7d358', time: '2018-11-14T08:25:53'
System info: host: '小琪琪的XPRO', ip: '169.254.129.110', os.name: 'Windows 10', os.arch: 'amd64', os.version: '10.0', java.version: '1.8.0_171'
Driver info: org.openqa.selenium.firefox.FirefoxDriver
Capabilities {acceptInsecureCerts: true, browserName: firefox, browserVersion: 65.0.2, javascriptEnabled: true, moz:accessibilityChecks: false, moz:geckodriverVersion: 0.24.0, moz:headless: false, moz:processID: 19620, moz:profile: C:\Users\李嘉琪\AppData\Local\..., moz:shutdownTimeout: 60000, moz:useNonSpecCompliantPointerOrigin: false, moz:webdriverClick: true, pageLoadStrategy: normal, platform: WINDOWS, platformName: WINDOWS, platformVersion: 10.0, rotatable: false, setWindowRect: true, strictFileInteractability: false, timeouts: {implicit: 0, pageLoad: 300000, script: 30000}, unhandledPromptBehavior: dismiss and notify}
Session ID: 03e6b9e9-b17c-46af-8533-853f6ac067c1
at sun.reflect.NativeConstructorAccessorImpl.newInstance0(Native Method)
at sun.reflect.NativeConstructorAccessorImpl.newInstance(NativeConstructorAccessorImpl.java:62)
at sun.reflect.DelegatingConstructorAccessorImpl.newInstance(DelegatingConstructorAccessorImpl.java:45)
at java.lang.reflect.Constructor.newInstance(Constructor.java:423)
at org.openqa.selenium.remote.http.W3CHttpResponseCodec.createException(W3CHttpResponseCodec.java:187)
at org.openqa.selenium.remote.http.W3CHttpResponseCodec.decode(W3CHttpResponseCodec.java:122)
at org.openqa.selenium.remote.http.W3CHttpResponseCodec.decode(W3CHttpResponseCodec.java:49)
at org.openqa.selenium.remote.HttpCommandExecutor.execute(HttpCommandExecutor.java:158)
at org.openqa.selenium.remote.service.DriverCommandExecutor.execute(DriverCommandExecutor.java:83)
at org.openqa.selenium.remote.RemoteWebDriver.execute(RemoteWebDriver.java:552)
at org.openqa.selenium.remote.RemoteWebElement.execute(RemoteWebElement.java:285)
at org.openqa.selenium.remote.RemoteWebElement.click(RemoteWebElement.java:84)
at com.webtest.core.WebDriverEngine.click(WebDriverEngine.java:145)
at com.edu.lijiaqi.reim.ProcessList.listChange(ProcessList.java:38)
at sun.reflect.NativeMethodAccessorImpl.invoke0(Native Method)
at sun.reflect.NativeMethodAccessorImpl.invoke(NativeMethodAccessorImpl.java:62)
at sun.reflect.DelegatingMethodAccessorImpl.invoke(DelegatingMethodAccessorImpl.java:43)
at java.lang.reflect.Method.invoke(Method.java:498)
at org.testng.internal.MethodInvocationHelper.invokeMethod(MethodInvocationHelper.java:124)
at org.testng.internal.Invoker.invokeMethod(Invoker.java:583)
at org.testng.internal.Invoker.invokeTestMethod(Invoker.java:719)
at org.testng.internal.Invoker.invokeTestMethods(Invoker.java:989)
at org.testng.internal.TestMethodWorker.invokeTestMethods(TestMethodWorker.java:125)
at org.testng.internal.TestMethodWorker.run(TestMethodWorker.java:109)
at org.testng.TestRunner.privateRun(TestRunner.java:648)
at org.testng.TestRunner.run(TestRunner.java:505)
at org.testng.SuiteRunner.runTest(SuiteRunner.java:455)
at org.testng.SuiteRunner.runSequentially(SuiteRunner.java:450)
at org.testng.SuiteRunner.privateRun(SuiteRunner.java:415)
at org.testng.SuiteRunner.run(SuiteRunner.java:364)
at org.testng.SuiteRunnerWorker.runSuite(SuiteRunnerWorker.java:52)
at org.testng.SuiteRunnerWorker.run(SuiteRunnerWorker.java:84)
at org.testng.TestNG.runSuitesSequentially(TestNG.java:1208)
at org.testng.TestNG.runSuitesLocally(TestNG.java:1137)
at org.testng.TestNG.runSuites(TestNG.java:1049)
at org.testng.TestNG.run(TestNG.java:1017)
at org.testng.remote.AbstractRemoteTestNG.run(AbstractRemoteTestNG.java:115)
at org.testng.remote.RemoteTestNG.initAndRun(RemoteTestNG.java:251)
at org.testng.remote.RemoteTestNG.main(RemoteTestNG.java:77)
]]>
            </full-stacktrace>
          </exception> <!-- org.openqa.selenium.ElementClickInterceptedException -->
          <reporter-output>
          </reporter-output>
        </test-method> <!-- listChange -->
        <test-method status="FAIL" signature="listDelete()[pri:0, instance:com.edu.lijiaqi.reim.ProcessList@5622fdf]" name="listDelete" duration-ms="3272" started-at="2019-12-18T00:22:08Z" description="删除流程模块" finished-at="2019-12-18T00:22:11Z">
          <exception class="org.openqa.selenium.ElementClickInterceptedException">
            <message>
              <![CDATA[Element <button id="del_1576628478819_163" class="btn btn-danger" type="button"> is not clickable at point (1455,121) because another element <div id="notify_show_systodo" class="animate slideInRight boxs"> obscures it
Build info: version: '3.141.59', revision: 'e82be7d358', time: '2018-11-14T08:25:53'
System info: host: '小琪琪的XPRO', ip: '169.254.129.110', os.name: 'Windows 10', os.arch: 'amd64', os.version: '10.0', java.version: '1.8.0_171'
Driver info: org.openqa.selenium.firefox.FirefoxDriver
Capabilities {acceptInsecureCerts: true, browserName: firefox, browserVersion: 65.0.2, javascriptEnabled: true, moz:accessibilityChecks: false, moz:geckodriverVersion: 0.24.0, moz:headless: false, moz:processID: 19620, moz:profile: C:\Users\李嘉琪\AppData\Local\..., moz:shutdownTimeout: 60000, moz:useNonSpecCompliantPointerOrigin: false, moz:webdriverClick: true, pageLoadStrategy: normal, platform: WINDOWS, platformName: WINDOWS, platformVersion: 10.0, rotatable: false, setWindowRect: true, strictFileInteractability: false, timeouts: {implicit: 0, pageLoad: 300000, script: 30000}, unhandledPromptBehavior: dismiss and notify}
Session ID: 03e6b9e9-b17c-46af-8533-853f6ac067c1]]>
            </message>
            <full-stacktrace>
              <![CDATA[org.openqa.selenium.ElementClickInterceptedException: Element <button id="del_1576628478819_163" class="btn btn-danger" type="button"> is not clickable at point (1455,121) because another element <div id="notify_show_systodo" class="animate slideInRight boxs"> obscures it
Build info: version: '3.141.59', revision: 'e82be7d358', time: '2018-11-14T08:25:53'
System info: host: '小琪琪的XPRO', ip: '169.254.129.110', os.name: 'Windows 10', os.arch: 'amd64', os.version: '10.0', java.version: '1.8.0_171'
Driver info: org.openqa.selenium.firefox.FirefoxDriver
Capabilities {acceptInsecureCerts: true, browserName: firefox, browserVersion: 65.0.2, javascriptEnabled: true, moz:accessibilityChecks: false, moz:geckodriverVersion: 0.24.0, moz:headless: false, moz:processID: 19620, moz:profile: C:\Users\李嘉琪\AppData\Local\..., moz:shutdownTimeout: 60000, moz:useNonSpecCompliantPointerOrigin: false, moz:webdriverClick: true, pageLoadStrategy: normal, platform: WINDOWS, platformName: WINDOWS, platformVersion: 10.0, rotatable: false, setWindowRect: true, strictFileInteractability: false, timeouts: {implicit: 0, pageLoad: 300000, script: 30000}, unhandledPromptBehavior: dismiss and notify}
Session ID: 03e6b9e9-b17c-46af-8533-853f6ac067c1
at sun.reflect.NativeConstructorAccessorImpl.newInstance0(Native Method)
at sun.reflect.NativeConstructorAccessorImpl.newInstance(NativeConstructorAccessorImpl.java:62)
at sun.reflect.DelegatingConstructorAccessorImpl.newInstance(DelegatingConstructorAccessorImpl.java:45)
at java.lang.reflect.Constructor.newInstance(Constructor.java:423)
at org.openqa.selenium.remote.http.W3CHttpResponseCodec.createException(W3CHttpResponseCodec.java:187)
at org.openqa.selenium.remote.http.W3CHttpResponseCodec.decode(W3CHttpResponseCodec.java:122)
at org.openqa.selenium.remote.http.W3CHttpResponseCodec.decode(W3CHttpResponseCodec.java:49)
at org.openqa.selenium.remote.HttpCommandExecutor.execute(HttpCommandExecutor.java:158)
at org.openqa.selenium.remote.service.DriverCommandExecutor.execute(DriverCommandExecutor.java:83)
at org.openqa.selenium.remote.RemoteWebDriver.execute(RemoteWebDriver.java:552)
at org.openqa.selenium.remote.RemoteWebElement.execute(RemoteWebElement.java:285)
at org.openqa.selenium.remote.RemoteWebElement.click(RemoteWebElement.java:84)
at com.webtest.core.WebDriverEngine.click(WebDriverEngine.java:145)
at com.edu.lijiaqi.reim.ProcessList.listDelete(ProcessList.java:50)
at sun.reflect.NativeMethodAccessorImpl.invoke0(Native Method)
at sun.reflect.NativeMethodAccessorImpl.invoke(NativeMethodAccessorImpl.java:62)
at sun.reflect.DelegatingMethodAccessorImpl.invoke(DelegatingMethodAccessorImpl.java:43)
at java.lang.reflect.Method.invoke(Method.java:498)
at org.testng.internal.MethodInvocationHelper.invokeMethod(MethodInvocationHelper.java:124)
at org.testng.internal.Invoker.invokeMethod(Invoker.java:583)
at org.testng.internal.Invoker.invokeTestMethod(Invoker.java:719)
at org.testng.internal.Invoker.invokeTestMethods(Invoker.java:989)
at org.testng.internal.TestMethodWorker.invokeTestMethods(TestMethodWorker.java:125)
at org.testng.internal.TestMethodWorker.run(TestMethodWorker.java:109)
at org.testng.TestRunner.privateRun(TestRunner.java:648)
at org.testng.TestRunner.run(TestRunner.java:505)
at org.testng.SuiteRunner.runTest(SuiteRunner.java:455)
at org.testng.SuiteRunner.runSequentially(SuiteRunner.java:450)
at org.testng.SuiteRunner.privateRun(SuiteRunner.java:415)
at org.testng.SuiteRunner.run(SuiteRunner.java:364)
at org.testng.SuiteRunnerWorker.runSuite(SuiteRunnerWorker.java:52)
at org.testng.SuiteRunnerWorker.run(SuiteRunnerWorker.java:84)
at org.testng.TestNG.runSuitesSequentially(TestNG.java:1208)
at org.testng.TestNG.runSuitesLocally(TestNG.java:1137)
at org.testng.TestNG.runSuites(TestNG.java:1049)
at org.testng.TestNG.run(TestNG.java:1017)
at org.testng.remote.AbstractRemoteTestNG.run(AbstractRemoteTestNG.java:115)
at org.testng.remote.RemoteTestNG.initAndRun(RemoteTestNG.java:251)
at org.testng.remote.RemoteTestNG.main(RemoteTestNG.java:77)
]]>
            </full-stacktrace>
          </exception> <!-- org.openqa.selenium.ElementClickInterceptedException -->
          <reporter-output>
          </reporter-output>
        </test-method> <!-- listDelete -->
        <test-method status="PASS" signature="doAfterClass()[pri:0, instance:com.edu.lijiaqi.reim.ProcessList@5622fdf]" name="doAfterClass" is-config="true" duration-ms="4503" started-at="2019-12-18T00:22:11Z" finished-at="2019-12-18T00:22:16Z">
          <reporter-output>
          </reporter-output>
        </test-method> <!-- doAfterClass -->
      </class> <!-- com.edu.lijiaqi.reim.ProcessList -->
      <class name="com.edu.lijiaqi.reim.ReimSearch">
        <test-method status="PASS" signature="doBeforeClass()[pri:0, instance:com.edu.lijiaqi.reim.ReimSearch@685cb137]" name="doBeforeClass" is-config="true" duration-ms="18648" started-at="2019-12-18T00:14:20Z" finished-at="2019-12-18T00:14:39Z">
          <reporter-output>
          </reporter-output>
        </test-method> <!-- doBeforeClass -->
        <test-method status="PASS" signature="searchDemo1(java.lang.String)[pri:0, instance:com.edu.lijiaqi.reim.ReimSearch@685cb137]" name="searchDemo1" duration-ms="9430" started-at="2019-12-18T00:14:40Z" description="输入搜索" data-provider="data3" finished-at="2019-12-18T00:14:50Z">
          <params>
            <param index="0">
              <value>
                <![CDATA[貂蝉]]>
              </value>
            </param>
          </params>
          <reporter-output>
          </reporter-output>
        </test-method> <!-- searchDemo1 -->
        <test-method status="PASS" signature="searchDemo1(java.lang.String)[pri:0, instance:com.edu.lijiaqi.reim.ReimSearch@685cb137]" name="searchDemo1" duration-ms="2214" started-at="2019-12-18T00:14:50Z" description="输入搜索" data-provider="data3" finished-at="2019-12-18T00:14:52Z">
          <params>
            <param index="0">
              <value>
                <![CDATA[貂]]>
              </value>
            </param>
          </params>
          <reporter-output>
          </reporter-output>
        </test-method> <!-- searchDemo1 -->
        <test-method status="FAIL" signature="searchDemo1(java.lang.String)[pri:0, instance:com.edu.lijiaqi.reim.ReimSearch@685cb137]" name="searchDemo1" duration-ms="2306" started-at="2019-12-18T00:14:52Z" description="输入搜索" data-provider="data3" finished-at="2019-12-18T00:14:54Z">
          <params>
            <param index="0">
              <value>
                <![CDATA[考勤打卡]]>
              </value>
            </param>
          </params>
          <exception class="java.lang.AssertionError">
            <message>
              <![CDATA[expected [true] but found [false]]]>
            </message>
            <full-stacktrace>
              <![CDATA[java.lang.AssertionError: expected [true] but found [false]
at org.testng.Assert.fail(Assert.java:96)
at org.testng.Assert.failNotEquals(Assert.java:776)
at org.testng.Assert.assertTrue(Assert.java:44)
at org.testng.Assert.assertTrue(Assert.java:54)
at com.edu.lijiaqi.reim.ReimSearch.searchDemo1(ReimSearch.java:31)
at sun.reflect.NativeMethodAccessorImpl.invoke0(Native Method)
at sun.reflect.NativeMethodAccessorImpl.invoke(NativeMethodAccessorImpl.java:62)
at sun.reflect.DelegatingMethodAccessorImpl.invoke(DelegatingMethodAccessorImpl.java:43)
at java.lang.reflect.Method.invoke(Method.java:498)
at org.testng.internal.MethodInvocationHelper.invokeMethod(MethodInvocationHelper.java:124)
at org.testng.internal.Invoker.invokeMethod(Invoker.java:583)
at org.testng.internal.Invoker.invokeTestMethod(Invoker.java:719)
at org.testng.internal.Invoker.invokeTestMethods(Invoker.java:989)
at org.testng.internal.TestMethodWorker.invokeTestMethods(TestMethodWorker.java:125)
at org.testng.internal.TestMethodWorker.run(TestMethodWorker.java:109)
at org.testng.TestRunner.privateRun(TestRunner.java:648)
at org.testng.TestRunner.run(TestRunner.java:505)
at org.testng.SuiteRunner.runTest(SuiteRunner.java:455)
at org.testng.SuiteRunner.runSequentially(SuiteRunner.java:450)
at org.testng.SuiteRunner.privateRun(SuiteRunner.java:415)
at org.testng.SuiteRunner.run(SuiteRunner.java:364)
at org.testng.SuiteRunnerWorker.runSuite(SuiteRunnerWorker.java:52)
at org.testng.SuiteRunnerWorker.run(SuiteRunnerWorker.java:84)
at org.testng.TestNG.runSuitesSequentially(TestNG.java:1208)
at org.testng.TestNG.runSuitesLocally(TestNG.java:1137)
at org.testng.TestNG.runSuites(TestNG.java:1049)
at org.testng.TestNG.run(TestNG.java:1017)
at org.testng.remote.AbstractRemoteTestNG.run(AbstractRemoteTestNG.java:115)
at org.testng.remote.RemoteTestNG.initAndRun(RemoteTestNG.java:251)
at org.testng.remote.RemoteTestNG.main(RemoteTestNG.java:77)
]]>
            </full-stacktrace>
          </exception> <!-- java.lang.AssertionError -->
          <reporter-output>
          </reporter-output>
        </test-method> <!-- searchDemo1 -->
        <test-method status="FAIL" signature="searchDemo1(java.lang.String)[pri:0, instance:com.edu.lijiaqi.reim.ReimSearch@685cb137]" name="searchDemo1" duration-ms="2136" started-at="2019-12-18T00:14:54Z" description="输入搜索" data-provider="data3" finished-at="2019-12-18T00:14:56Z">
          <params>
            <param index="0">
              <value>
                <![CDATA[打卡]]>
              </value>
            </param>
          </params>
          <exception class="java.lang.AssertionError">
            <message>
              <![CDATA[expected [true] but found [false]]]>
            </message>
            <full-stacktrace>
              <![CDATA[java.lang.AssertionError: expected [true] but found [false]
at org.testng.Assert.fail(Assert.java:96)
at org.testng.Assert.failNotEquals(Assert.java:776)
at org.testng.Assert.assertTrue(Assert.java:44)
at org.testng.Assert.assertTrue(Assert.java:54)
at com.edu.lijiaqi.reim.ReimSearch.searchDemo1(ReimSearch.java:31)
at sun.reflect.NativeMethodAccessorImpl.invoke0(Native Method)
at sun.reflect.NativeMethodAccessorImpl.invoke(NativeMethodAccessorImpl.java:62)
at sun.reflect.DelegatingMethodAccessorImpl.invoke(DelegatingMethodAccessorImpl.java:43)
at java.lang.reflect.Method.invoke(Method.java:498)
at org.testng.internal.MethodInvocationHelper.invokeMethod(MethodInvocationHelper.java:124)
at org.testng.internal.Invoker.invokeMethod(Invoker.java:583)
at org.testng.internal.Invoker.invokeTestMethod(Invoker.java:719)
at org.testng.internal.Invoker.invokeTestMethods(Invoker.java:989)
at org.testng.internal.TestMethodWorker.invokeTestMethods(TestMethodWorker.java:125)
at org.testng.internal.TestMethodWorker.run(TestMethodWorker.java:109)
at org.testng.TestRunner.privateRun(TestRunner.java:648)
at org.testng.TestRunner.run(TestRunner.java:505)
at org.testng.SuiteRunner.runTest(SuiteRunner.java:455)
at org.testng.SuiteRunner.runSequentially(SuiteRunner.java:450)
at org.testng.SuiteRunner.privateRun(SuiteRunner.java:415)
at org.testng.SuiteRunner.run(SuiteRunner.java:364)
at org.testng.SuiteRunnerWorker.runSuite(SuiteRunnerWorker.java:52)
at org.testng.SuiteRunnerWorker.run(SuiteRunnerWorker.java:84)
at org.testng.TestNG.runSuitesSequentially(TestNG.java:1208)
at org.testng.TestNG.runSuitesLocally(TestNG.java:1137)
at org.testng.TestNG.runSuites(TestNG.java:1049)
at org.testng.TestNG.run(TestNG.java:1017)
at org.testng.remote.AbstractRemoteTestNG.run(AbstractRemoteTestNG.java:115)
at org.testng.remote.RemoteTestNG.initAndRun(RemoteTestNG.java:251)
at org.testng.remote.RemoteTestNG.main(RemoteTestNG.java:77)
]]>
            </full-stacktrace>
          </exception> <!-- java.lang.AssertionError -->
          <reporter-output>
          </reporter-output>
        </test-method> <!-- searchDemo1 -->
        <test-method status="PASS" signature="doAfterClass()[pri:0, instance:com.edu.lijiaqi.reim.ReimSearch@685cb137]" name="doAfterClass" is-config="true" duration-ms="5570" started-at="2019-12-18T00:14:56Z" finished-at="2019-12-18T00:15:02Z">
          <reporter-output>
          </reporter-output>
        </test-method> <!-- doAfterClass -->
      </class> <!-- com.edu.lijiaqi.reim.ReimSearch -->
    </test> <!-- test2 -->
  </suite> <!-- TestNGSuite -->
</testng-results>
