<?xml version="1.0" encoding="UTF-8"?>
<!-- Generated by org.testng.reporters.JUnitXMLReporter -->
<testsuite hostname="小琪琪的XPro" ignored="0" name="test2" tests="241" failures="57" timestamp="13 十二月 2019 07:03:04 GMT" time="5482.589" errors="0">
  <testcase name="searchDemo1" time="8.938" classname="com.edu.lijiaqi.reim.ReimSearch"/>
  <testcase name="searchDemo1" time="2.076" classname="com.edu.lijiaqi.reim.ReimSearch"/>
  <testcase name="searchDemo1" time="2.067" classname="com.edu.lijiaqi.reim.ReimSearch">
    <failure type="java.lang.AssertionError" message="expected [true] but found [false]">
      <![CDATA[java.lang.AssertionError: expected [true] but found [false]
at com.edu.lijiaqi.reim.ReimSearch.searchDemo1(ReimSearch.java:31)
... Removed 29 stack frames]]>
    </failure>
  </testcase> <!-- searchDemo1 -->
  <testcase name="searchDemo1" time="2.072" classname="com.edu.lijiaqi.reim.ReimSearch">
    <failure type="java.lang.AssertionError" message="expected [true] but found [false]">
      <![CDATA[java.lang.AssertionError: expected [true] but found [false]
at com.edu.lijiaqi.reim.ReimSearch.searchDemo1(ReimSearch.java:31)
... Removed 29 stack frames]]>
    </failure>
  </testcase> <!-- searchDemo1 -->
  <testcase name="chatDemo1" time="22.238" classname="com.edu.lijiaqi.reim.ReimChat"/>
  <testcase name="chatDemo1" time="14.973" classname="com.edu.lijiaqi.reim.ReimChat">
    <failure type="java.lang.AssertionError" message="expected [true] but found [false]">
      <![CDATA[java.lang.AssertionError: expected [true] but found [false]
at com.edu.lijiaqi.reim.ReimChat.chatDemo1(ReimChat.java:35)
... Removed 29 stack frames]]>
    </failure>
  </testcase> <!-- chatDemo1 -->
  <testcase name="chatDemo1" time="14.95" classname="com.edu.lijiaqi.reim.ReimChat">
    <failure type="java.lang.AssertionError" message="expected [true] but found [false]">
      <![CDATA[java.lang.AssertionError: expected [true] but found [false]
at com.edu.lijiaqi.reim.ReimChat.chatDemo1(ReimChat.java:35)
... Removed 29 stack frames]]>
    </failure>
  </testcase> <!-- chatDemo1 -->
  <testcase name="chatDemo2" time="3.062" classname="com.edu.lijiaqi.reim.ReimChat"/>
  <testcase name="setDemo1" time="10.099" classname="com.edu.lijiaqi.reim.ReimSet"/>
  <testcase name="setDemo2" time="14.93" classname="com.edu.lijiaqi.reim.ReimSet"/>
  <testcase name="setDemo2" time="11.683" classname="com.edu.lijiaqi.reim.ReimSet">
    <failure type="java.lang.AssertionError" message="expected [true] but found [false]">
      <![CDATA[java.lang.AssertionError: expected [true] but found [false]
at com.edu.lijiaqi.reim.ReimSet.setDemo2(ReimSet.java:38)
... Removed 29 stack frames]]>
    </failure>
  </testcase> <!-- setDemo2 -->
  <testcase name="setDemo2" time="11.689" classname="com.edu.lijiaqi.reim.ReimSet"/>
  <testcase name="setDemo3" time="3.134" classname="com.edu.lijiaqi.reim.ReimSet"/>
  <testcase name="setDemo4" time="13.063" classname="com.edu.lijiaqi.reim.ReimSet"/>
  <testcase name="processAdd" time="33.117" classname="com.edu.lijiaqi.reim.Process"/>
  <testcase name="processAdd" time="33.071" classname="com.edu.lijiaqi.reim.Process"/>
  <testcase name="processChange" time="29.992" classname="com.edu.lijiaqi.reim.Process"/>
  <testcase name="processDelete" time="9.675" classname="com.edu.lijiaqi.reim.Process"/>
  <testcase name="dataAdd1" time="20.351" classname="com.edu.lijiaqi.reim.ProcessData"/>
  <testcase name="dataAdd2" time="11.845" classname="com.edu.lijiaqi.reim.ProcessData"/>
  <testcase name="dataDelete" time="6.6" classname="com.edu.lijiaqi.reim.ProcessData"/>
  <testcase name="listAdd" time="24.253" classname="com.edu.lijiaqi.reim.ProcessList"/>
  <testcase name="listAdd" time="24.217" classname="com.edu.lijiaqi.reim.ProcessList"/>
  <testcase name="listChange" time="21.104" classname="com.edu.lijiaqi.reim.ProcessList"/>
  <testcase name="listDelete" time="9.691" classname="com.edu.lijiaqi.reim.ProcessList"/>
  <testcase name="termAdd" time="30.719" classname="com.edu.lijiaqi.reim.ProcessTerm"/>
  <testcase name="termDelete" time="9.681" classname="com.edu.lijiaqi.reim.ProcessTerm"/>
  <testcase name="AddApplyRepair1" time="22.304" classname="com.edu.gaolu.system.MeetingApply"/>
  <testcase name="AddApplyRepair2" time="15.81" classname="com.edu.gaolu.system.MeetingApply"/>
  <testcase name="AddApplyRepair3" time="15.904" classname="com.edu.gaolu.system.MeetingApply"/>
  <testcase name="AddApply1" time="15.851" classname="com.edu.gaolu.system.RepaymentApply"/>
  <testcase name="AddApply2" time="15.903" classname="com.edu.gaolu.system.RepaymentApply"/>
  <testcase name="AddApply3" time="3.027" classname="com.edu.gaolu.system.RepaymentApply">
    <failure type="org.openqa.selenium.NoSuchFrameException" message="No frame element found by name or id openinputiframe
Build info: version: &amp;apos;3.141.59&amp;apos;, revision: &amp;apos;e82be7d358&amp;apos;, time: &amp;apos;2018-11-14T08:25:53&amp;apos;
System info: host: &amp;apos;小琪琪的XPRO&amp;apos;, ip: &amp;apos;169.254.129.110&amp;apos;, os.name: &amp;apos;Windows 10&amp;apos;, os.arch: &amp;apos;amd64&amp;apos;, os.version: &amp;apos;10.0&amp;apos;, java.version: &amp;apos;1.8.0_171&amp;apos;
Driver info: driver.version: unknown">
      <![CDATA[org.openqa.selenium.NoSuchFrameException: No frame element found by name or id openinputiframe
Build info: version: '3.141.59', revision: 'e82be7d358', time: '2018-11-14T08:25:53'
System info: host: '小琪琪的XPRO', ip: '169.254.129.110', os.name: 'Windows 10', os.arch: 'amd64', os.version: '10.0', java.version: '1.8.0_171'
Driver info: driver.version: unknown
at org.openqa.selenium.remote.RemoteWebDriver$RemoteTargetLocator.frame(RemoteWebDriver.java:885)
at com.edu.core.WebDriverEngine.enterFrame(WebDriverEngine.java:65)
at com.edu.gaolu.system.RepaymentApply.AddApply3(RepaymentApply.java:52)
... Removed 25 stack frames]]>
    </failure>
  </testcase> <!-- AddApply3 -->
  <testcase name="AddApply1" time="15.936" classname="com.edu.gaolu.system.RollMachineApply"/>
  <testcase name="AddApply2" time="9.442" classname="com.edu.gaolu.system.RollMachineApply"/>
  <testcase name="AddApply3" time="9.46" classname="com.edu.gaolu.system.RollMachineApply"/>
  <testcase name="AddApplyRepair1" time="35.152" classname="com.edu.gaolu.system.SalesOpporApply"/>
  <testcase name="AddApplyRepair2" time="28.69" classname="com.edu.gaolu.system.SalesOpporApply"/>
  <testcase name="AddApplyRepair3" time="19.167" classname="com.edu.gaolu.system.SalesOpporApply"/>
  <testcase name="AddApplyRepair4" time="0.017" classname="com.edu.gaolu.system.SalesOpporApply">
    <failure type="org.openqa.selenium.ElementClickInterceptedException" message="Element &amp;lt;a class=&amp;quot;list-group-item&amp;quot;&amp;gt; is not clickable at point (610,617) because another element &amp;lt;iframe name=&amp;quot;openinputiframe&amp;quot; src=&amp;quot;&amp;quot;&amp;gt; obscures it
Build info: version: &amp;apos;3.141.59&amp;apos;, revision: &amp;apos;e82be7d358&amp;apos;, time: &amp;apos;2018-11-14T08:25:53&amp;apos;
System info: host: &amp;apos;小琪琪的XPRO&amp;apos;, ip: &amp;apos;169.254.129.110&amp;apos;, os.name: &amp;apos;Windows 10&amp;apos;, os.arch: &amp;apos;amd64&amp;apos;, os.version: &amp;apos;10.0&amp;apos;, java.version: &amp;apos;1.8.0_171&amp;apos;
Driver info: org.openqa.selenium.firefox.FirefoxDriver
Capabilities {acceptInsecureCerts: true, browserName: firefox, browserVersion: 65.0.2, javascriptEnabled: true, moz:accessibilityChecks: false, moz:geckodriverVersion: 0.24.0, moz:headless: false, moz:processID: 17888, moz:profile: C:\Users\李嘉琪\AppData\Local\..., moz:shutdownTimeout: 60000, moz:useNonSpecCompliantPointerOrigin: false, moz:webdriverClick: true, pageLoadStrategy: normal, platform: WINDOWS, platformName: WINDOWS, platformVersion: 10.0, rotatable: false, setWindowRect: true, strictFileInteractability: false, timeouts: {implicit: 0, pageLoad: 300000, script: 30000}, unhandledPromptBehavior: dismiss and notify}
Session ID: d2c4d3fe-cc8c-4ee9-9bc1-30c68250aa32">
      <![CDATA[org.openqa.selenium.ElementClickInterceptedException: Element <a class="list-group-item"> is not clickable at point (610,617) because another element <iframe name="openinputiframe" src=""> obscures it
Build info: version: '3.141.59', revision: 'e82be7d358', time: '2018-11-14T08:25:53'
System info: host: '小琪琪的XPRO', ip: '169.254.129.110', os.name: 'Windows 10', os.arch: 'amd64', os.version: '10.0', java.version: '1.8.0_171'
Driver info: org.openqa.selenium.firefox.FirefoxDriver
Capabilities {acceptInsecureCerts: true, browserName: firefox, browserVersion: 65.0.2, javascriptEnabled: true, moz:accessibilityChecks: false, moz:geckodriverVersion: 0.24.0, moz:headless: false, moz:processID: 17888, moz:profile: C:\Users\李嘉琪\AppData\Local\..., moz:shutdownTimeout: 60000, moz:useNonSpecCompliantPointerOrigin: false, moz:webdriverClick: true, pageLoadStrategy: normal, platform: WINDOWS, platformName: WINDOWS, platformVersion: 10.0, rotatable: false, setWindowRect: true, strictFileInteractability: false, timeouts: {implicit: 0, pageLoad: 300000, script: 30000}, unhandledPromptBehavior: dismiss and notify}
Session ID: d2c4d3fe-cc8c-4ee9-9bc1-30c68250aa32
at org.openqa.selenium.remote.http.W3CHttpResponseCodec.createException(W3CHttpResponseCodec.java:187)
at org.openqa.selenium.remote.http.W3CHttpResponseCodec.decode(W3CHttpResponseCodec.java:122)
at org.openqa.selenium.remote.http.W3CHttpResponseCodec.decode(W3CHttpResponseCodec.java:49)
at org.openqa.selenium.remote.HttpCommandExecutor.execute(HttpCommandExecutor.java:158)
at org.openqa.selenium.remote.service.DriverCommandExecutor.execute(DriverCommandExecutor.java:83)
at org.openqa.selenium.remote.RemoteWebDriver.execute(RemoteWebDriver.java:552)
at org.openqa.selenium.remote.RemoteWebElement.execute(RemoteWebElement.java:285)
at org.openqa.selenium.remote.RemoteWebElement.click(RemoteWebElement.java:84)
at com.edu.core.WebDriverEngine.click(WebDriverEngine.java:149)
at com.edu.gaolu.system.SalesOpporApply.AddApplyRepair4(SalesOpporApply.java:108)
... Removed 29 stack frames]]>
    </failure>
  </testcase> <!-- AddApplyRepair4 -->
  <testcase name="SearchApply101" time="19.377" classname="com.edu.gaolu.system.SearchApply1"/>
  <testcase name="SearchApply102" time="22.625" classname="com.edu.gaolu.system.SearchApply1"/>
  <testcase name="SearchApply103" time="19.357" classname="com.edu.gaolu.system.SearchApply1"/>
  <testcase name="SearchApply201" time="16.235" classname="com.edu.gaolu.system.SearchApply2"/>
  <testcase name="SearchApply202" time="12.931" classname="com.edu.gaolu.system.SearchApply2"/>
  <testcase name="SearchApply203" time="6.517" classname="com.edu.gaolu.system.SearchApply2"/>
  <testcase name="SearchApply301" time="19.43" classname="com.edu.gaolu.system.SearchApply3"/>
  <testcase name="SearchApply302" time="3.313" classname="com.edu.gaolu.system.SearchApply3"/>
  <testcase name="SearchApply303" time="12.936" classname="com.edu.gaolu.system.SearchApply3"/>
  <testcase name="AddKnow1" time="9.723" classname="com.edu.gaolu.system.SearchInforAge"/>
  <testcase name="AddKnow2" time="12.641" classname="com.edu.gaolu.system.SearchInforAge"/>
  <testcase name="AddKnow3" time="12.585" classname="com.edu.gaolu.system.SearchInforAge"/>
  <testcase name="AddKnow4" time="12.723" classname="com.edu.gaolu.system.SearchInforAge"/>
  <testcase name="SearchSubApply1" time="22.576" classname="com.edu.gaolu.system.SearchSubApply"/>
  <testcase name="SearchSubApply2" time="13.016" classname="com.edu.gaolu.system.SearchSubApply"/>
  <testcase name="AddApplyRepair1" time="15.891" classname="com.edu.gaolu.system.ServiceApply"/>
  <testcase name="AddApplyRepair2" time="9.414" classname="com.edu.gaolu.system.ServiceApply"/>
  <testcase name="AddApplyRepair3" time="9.458" classname="com.edu.gaolu.system.ServiceApply"/>
  <testcase name="loginFail" time="2.336" classname="com.edu.gaolu.system.SloginTest">
    <failure type="java.lang.AssertionError" message="expected [true] but found [false]">
      <![CDATA[java.lang.AssertionError: expected [true] but found [false]
at com.edu.gaolu.system.SloginTest.loginFail(SloginTest.java:29)
... Removed 29 stack frames]]>
    </failure>
  </testcase> <!-- loginFail -->
  <testcase name="loginSuccess" time="2.085" classname="com.edu.gaolu.system.SloginTest">
    <failure type="java.lang.AssertionError" message="expected [true] but found [false]">
      <![CDATA[java.lang.AssertionError: expected [true] but found [false]
at com.edu.gaolu.system.SloginTest.loginSuccess(SloginTest.java:19)
... Removed 29 stack frames]]>
    </failure>
  </testcase> <!-- loginSuccess -->
  <testcase name="AddApply1" time="12.753" classname="com.edu.gaolu.system.VectionApply">
    <failure type="org.openqa.selenium.JavascriptException" message="TypeError: arguments[0] is null
Build info: version: &amp;apos;3.141.59&amp;apos;, revision: &amp;apos;e82be7d358&amp;apos;, time: &amp;apos;2018-11-14T08:25:53&amp;apos;
System info: host: &amp;apos;小琪琪的XPRO&amp;apos;, ip: &amp;apos;169.254.129.110&amp;apos;, os.name: &amp;apos;Windows 10&amp;apos;, os.arch: &amp;apos;amd64&amp;apos;, os.version: &amp;apos;10.0&amp;apos;, java.version: &amp;apos;1.8.0_171&amp;apos;
Driver info: org.openqa.selenium.firefox.FirefoxDriver
Capabilities {acceptInsecureCerts: true, browserName: firefox, browserVersion: 65.0.2, javascriptEnabled: true, moz:accessibilityChecks: false, moz:geckodriverVersion: 0.24.0, moz:headless: false, moz:processID: 17672, moz:profile: C:\Users\李嘉琪\AppData\Local\..., moz:shutdownTimeout: 60000, moz:useNonSpecCompliantPointerOrigin: false, moz:webdriverClick: true, pageLoadStrategy: normal, platform: WINDOWS, platformName: WINDOWS, platformVersion: 10.0, rotatable: false, setWindowRect: true, strictFileInteractability: false, timeouts: {implicit: 0, pageLoad: 300000, script: 30000}, unhandledPromptBehavior: dismiss and notify}
Session ID: c84021cb-2baf-4d38-9508-12d27f4deac7">
      <![CDATA[org.openqa.selenium.JavascriptException: TypeError: arguments[0] is null
Build info: version: '3.141.59', revision: 'e82be7d358', time: '2018-11-14T08:25:53'
System info: host: '小琪琪的XPRO', ip: '169.254.129.110', os.name: 'Windows 10', os.arch: 'amd64', os.version: '10.0', java.version: '1.8.0_171'
Driver info: org.openqa.selenium.firefox.FirefoxDriver
Capabilities {acceptInsecureCerts: true, browserName: firefox, browserVersion: 65.0.2, javascriptEnabled: true, moz:accessibilityChecks: false, moz:geckodriverVersion: 0.24.0, moz:headless: false, moz:processID: 17672, moz:profile: C:\Users\李嘉琪\AppData\Local\..., moz:shutdownTimeout: 60000, moz:useNonSpecCompliantPointerOrigin: false, moz:webdriverClick: true, pageLoadStrategy: normal, platform: WINDOWS, platformName: WINDOWS, platformVersion: 10.0, rotatable: false, setWindowRect: true, strictFileInteractability: false, timeouts: {implicit: 0, pageLoad: 300000, script: 30000}, unhandledPromptBehavior: dismiss and notify}
Session ID: c84021cb-2baf-4d38-9508-12d27f4deac7
at org.openqa.selenium.remote.http.W3CHttpResponseCodec.createException(W3CHttpResponseCodec.java:187)
at org.openqa.selenium.remote.http.W3CHttpResponseCodec.decode(W3CHttpResponseCodec.java:122)
at org.openqa.selenium.remote.http.W3CHttpResponseCodec.decode(W3CHttpResponseCodec.java:49)
at org.openqa.selenium.remote.HttpCommandExecutor.execute(HttpCommandExecutor.java:158)
at org.openqa.selenium.remote.service.DriverCommandExecutor.execute(DriverCommandExecutor.java:83)
at org.openqa.selenium.remote.RemoteWebDriver.execute(RemoteWebDriver.java:552)
at org.openqa.selenium.remote.RemoteWebDriver.executeScript(RemoteWebDriver.java:489)
at com.edu.core.WebDriverEngine.runJs2(WebDriverEngine.java:280)
at com.edu.gaolu.system.VectionApply.AddApply1(VectionApply.java:28)
... Removed 29 stack frames]]>
    </failure>
  </testcase> <!-- AddApply1 -->
  <testcase name="AddApply2" time="3.015" classname="com.edu.gaolu.system.VectionApply">
    <failure type="org.openqa.selenium.NoSuchFrameException" message="No frame element found by name or id openinputiframe
Build info: version: &amp;apos;3.141.59&amp;apos;, revision: &amp;apos;e82be7d358&amp;apos;, time: &amp;apos;2018-11-14T08:25:53&amp;apos;
System info: host: &amp;apos;小琪琪的XPRO&amp;apos;, ip: &amp;apos;169.254.129.110&amp;apos;, os.name: &amp;apos;Windows 10&amp;apos;, os.arch: &amp;apos;amd64&amp;apos;, os.version: &amp;apos;10.0&amp;apos;, java.version: &amp;apos;1.8.0_171&amp;apos;
Driver info: driver.version: unknown">
      <![CDATA[org.openqa.selenium.NoSuchFrameException: No frame element found by name or id openinputiframe
Build info: version: '3.141.59', revision: 'e82be7d358', time: '2018-11-14T08:25:53'
System info: host: '小琪琪的XPRO', ip: '169.254.129.110', os.name: 'Windows 10', os.arch: 'amd64', os.version: '10.0', java.version: '1.8.0_171'
Driver info: driver.version: unknown
at org.openqa.selenium.remote.RemoteWebDriver$RemoteTargetLocator.frame(RemoteWebDriver.java:885)
at com.edu.core.WebDriverEngine.enterFrame(WebDriverEngine.java:65)
at com.edu.gaolu.system.VectionApply.AddApply2(VectionApply.java:46)
... Removed 25 stack frames]]>
    </failure>
  </testcase> <!-- AddApply2 -->
  <testcase name="AddApply3" time="3.015" classname="com.edu.gaolu.system.VectionApply">
    <failure type="org.openqa.selenium.NoSuchFrameException" message="No frame element found by name or id openinputiframe
Build info: version: &amp;apos;3.141.59&amp;apos;, revision: &amp;apos;e82be7d358&amp;apos;, time: &amp;apos;2018-11-14T08:25:53&amp;apos;
System info: host: &amp;apos;小琪琪的XPRO&amp;apos;, ip: &amp;apos;169.254.129.110&amp;apos;, os.name: &amp;apos;Windows 10&amp;apos;, os.arch: &amp;apos;amd64&amp;apos;, os.version: &amp;apos;10.0&amp;apos;, java.version: &amp;apos;1.8.0_171&amp;apos;
Driver info: driver.version: unknown">
      <![CDATA[org.openqa.selenium.NoSuchFrameException: No frame element found by name or id openinputiframe
Build info: version: '3.141.59', revision: 'e82be7d358', time: '2018-11-14T08:25:53'
System info: host: '小琪琪的XPRO', ip: '169.254.129.110', os.name: 'Windows 10', os.arch: 'amd64', os.version: '10.0', java.version: '1.8.0_171'
Driver info: driver.version: unknown
at org.openqa.selenium.remote.RemoteWebDriver$RemoteTargetLocator.frame(RemoteWebDriver.java:885)
at com.edu.core.WebDriverEngine.enterFrame(WebDriverEngine.java:65)
at com.edu.gaolu.system.VectionApply.AddApply3(VectionApply.java:68)
... Removed 25 stack frames]]>
    </failure>
  </testcase> <!-- AddApply3 -->
  <testcase name="AddApply1" time="19.093" classname="com.edu.gaolu.system.VjobDailyApply"/>
  <testcase name="AddApply2" time="19.171" classname="com.edu.gaolu.system.VjobDailyApply"/>
  <testcase name="AddApply3" time="0.013" classname="com.edu.gaolu.system.VjobDailyApply">
    <failure type="org.openqa.selenium.ElementClickInterceptedException" message="Element &amp;lt;span class=&amp;quot;spanactive&amp;quot;&amp;gt; is not clickable at point (434,25) because another element &amp;lt;div id=&amp;quot;xpbg_bodydds&amp;quot;&amp;gt; obscures it
Build info: version: &amp;apos;3.141.59&amp;apos;, revision: &amp;apos;e82be7d358&amp;apos;, time: &amp;apos;2018-11-14T08:25:53&amp;apos;
System info: host: &amp;apos;小琪琪的XPRO&amp;apos;, ip: &amp;apos;169.254.129.110&amp;apos;, os.name: &amp;apos;Windows 10&amp;apos;, os.arch: &amp;apos;amd64&amp;apos;, os.version: &amp;apos;10.0&amp;apos;, java.version: &amp;apos;1.8.0_171&amp;apos;
Driver info: org.openqa.selenium.firefox.FirefoxDriver
Capabilities {acceptInsecureCerts: true, browserName: firefox, browserVersion: 65.0.2, javascriptEnabled: true, moz:accessibilityChecks: false, moz:geckodriverVersion: 0.24.0, moz:headless: false, moz:processID: 17916, moz:profile: C:\Users\李嘉琪\AppData\Local\..., moz:shutdownTimeout: 60000, moz:useNonSpecCompliantPointerOrigin: false, moz:webdriverClick: true, pageLoadStrategy: normal, platform: WINDOWS, platformName: WINDOWS, platformVersion: 10.0, rotatable: false, setWindowRect: true, strictFileInteractability: false, timeouts: {implicit: 0, pageLoad: 300000, script: 30000}, unhandledPromptBehavior: dismiss and notify}
Session ID: da4fc7c2-fb9f-40cc-8646-4f395b3779bc">
      <![CDATA[org.openqa.selenium.ElementClickInterceptedException: Element <span class="spanactive"> is not clickable at point (434,25) because another element <div id="xpbg_bodydds"> obscures it
Build info: version: '3.141.59', revision: 'e82be7d358', time: '2018-11-14T08:25:53'
System info: host: '小琪琪的XPRO', ip: '169.254.129.110', os.name: 'Windows 10', os.arch: 'amd64', os.version: '10.0', java.version: '1.8.0_171'
Driver info: org.openqa.selenium.firefox.FirefoxDriver
Capabilities {acceptInsecureCerts: true, browserName: firefox, browserVersion: 65.0.2, javascriptEnabled: true, moz:accessibilityChecks: false, moz:geckodriverVersion: 0.24.0, moz:headless: false, moz:processID: 17916, moz:profile: C:\Users\李嘉琪\AppData\Local\..., moz:shutdownTimeout: 60000, moz:useNonSpecCompliantPointerOrigin: false, moz:webdriverClick: true, pageLoadStrategy: normal, platform: WINDOWS, platformName: WINDOWS, platformVersion: 10.0, rotatable: false, setWindowRect: true, strictFileInteractability: false, timeouts: {implicit: 0, pageLoad: 300000, script: 30000}, unhandledPromptBehavior: dismiss and notify}
Session ID: da4fc7c2-fb9f-40cc-8646-4f395b3779bc
at org.openqa.selenium.remote.http.W3CHttpResponseCodec.createException(W3CHttpResponseCodec.java:187)
at org.openqa.selenium.remote.http.W3CHttpResponseCodec.decode(W3CHttpResponseCodec.java:122)
at org.openqa.selenium.remote.http.W3CHttpResponseCodec.decode(W3CHttpResponseCodec.java:49)
at org.openqa.selenium.remote.HttpCommandExecutor.execute(HttpCommandExecutor.java:158)
at org.openqa.selenium.remote.service.DriverCommandExecutor.execute(DriverCommandExecutor.java:83)
at org.openqa.selenium.remote.RemoteWebDriver.execute(RemoteWebDriver.java:552)
at org.openqa.selenium.remote.RemoteWebElement.execute(RemoteWebElement.java:285)
at org.openqa.selenium.remote.RemoteWebElement.click(RemoteWebElement.java:84)
at com.edu.core.WebDriverEngine.click(WebDriverEngine.java:149)
at com.edu.gaolu.system.VjobDailyApply.InitDemo(VjobDailyApply.java:13)
at com.edu.gaolu.system.VjobDailyApply.AddApply3(VjobDailyApply.java:62)
... Removed 29 stack frames]]>
    </failure>
  </testcase> <!-- AddApply3 -->
  <testcase name="test" time="9.686" classname="com.edu.hml.personal.Communication"/>
  <testcase name="test3" time="26.301" classname="com.edu.hml.personal.CreateNotice"/>
  <testcase name="test" time="9.716" classname="com.edu.hml.personal.CreateSchedule"/>
  <testcase name="test1" time="12.915" classname="com.edu.hml.personal.DeleteSessionRecord">
    <failure type="org.openqa.selenium.ElementClickInterceptedException" message="Element &amp;lt;button class=&amp;quot;btn btn-danger&amp;quot; type=&amp;quot;button&amp;quot;&amp;gt; is not clickable at point (1455,121) because another element &amp;lt;div id=&amp;quot;notify_show_systodo&amp;quot; class=&amp;quot;animate slideInRight boxs&amp;quot;&amp;gt; obscures it
Build info: version: &amp;apos;3.141.59&amp;apos;, revision: &amp;apos;e82be7d358&amp;apos;, time: &amp;apos;2018-11-14T08:25:53&amp;apos;
System info: host: &amp;apos;小琪琪的XPRO&amp;apos;, ip: &amp;apos;169.254.129.110&amp;apos;, os.name: &amp;apos;Windows 10&amp;apos;, os.arch: &amp;apos;amd64&amp;apos;, os.version: &amp;apos;10.0&amp;apos;, java.version: &amp;apos;1.8.0_171&amp;apos;
Driver info: org.openqa.selenium.firefox.FirefoxDriver
Capabilities {acceptInsecureCerts: true, browserName: firefox, browserVersion: 65.0.2, javascriptEnabled: true, moz:accessibilityChecks: false, moz:geckodriverVersion: 0.24.0, moz:headless: false, moz:processID: 18236, moz:profile: C:\Users\李嘉琪\AppData\Local\..., moz:shutdownTimeout: 60000, moz:useNonSpecCompliantPointerOrigin: false, moz:webdriverClick: true, pageLoadStrategy: normal, platform: WINDOWS, platformName: WINDOWS, platformVersion: 10.0, rotatable: false, setWindowRect: true, strictFileInteractability: false, timeouts: {implicit: 0, pageLoad: 300000, script: 30000}, unhandledPromptBehavior: dismiss and notify}
Session ID: e465b229-8465-434c-8d6f-1193eafad25c">
      <![CDATA[org.openqa.selenium.ElementClickInterceptedException: Element <button class="btn btn-danger" type="button"> is not clickable at point (1455,121) because another element <div id="notify_show_systodo" class="animate slideInRight boxs"> obscures it
Build info: version: '3.141.59', revision: 'e82be7d358', time: '2018-11-14T08:25:53'
System info: host: '小琪琪的XPRO', ip: '169.254.129.110', os.name: 'Windows 10', os.arch: 'amd64', os.version: '10.0', java.version: '1.8.0_171'
Driver info: org.openqa.selenium.firefox.FirefoxDriver
Capabilities {acceptInsecureCerts: true, browserName: firefox, browserVersion: 65.0.2, javascriptEnabled: true, moz:accessibilityChecks: false, moz:geckodriverVersion: 0.24.0, moz:headless: false, moz:processID: 18236, moz:profile: C:\Users\李嘉琪\AppData\Local\..., moz:shutdownTimeout: 60000, moz:useNonSpecCompliantPointerOrigin: false, moz:webdriverClick: true, pageLoadStrategy: normal, platform: WINDOWS, platformName: WINDOWS, platformVersion: 10.0, rotatable: false, setWindowRect: true, strictFileInteractability: false, timeouts: {implicit: 0, pageLoad: 300000, script: 30000}, unhandledPromptBehavior: dismiss and notify}
Session ID: e465b229-8465-434c-8d6f-1193eafad25c
at org.openqa.selenium.remote.http.W3CHttpResponseCodec.createException(W3CHttpResponseCodec.java:187)
at org.openqa.selenium.remote.http.W3CHttpResponseCodec.decode(W3CHttpResponseCodec.java:122)
at org.openqa.selenium.remote.http.W3CHttpResponseCodec.decode(W3CHttpResponseCodec.java:49)
at org.openqa.selenium.remote.HttpCommandExecutor.execute(HttpCommandExecutor.java:158)
at org.openqa.selenium.remote.service.DriverCommandExecutor.execute(DriverCommandExecutor.java:83)
at org.openqa.selenium.remote.RemoteWebDriver.execute(RemoteWebDriver.java:552)
at org.openqa.selenium.remote.RemoteWebElement.execute(RemoteWebElement.java:285)
at org.openqa.selenium.remote.RemoteWebElement.click(RemoteWebElement.java:84)
at com.webtest.core.WebDriverEngine.click(WebDriverEngine.java:145)
at com.edu.hml.personal.DeleteSessionRecord.test1(DeleteSessionRecord.java:24)
... Removed 29 stack frames]]>
    </failure>
  </testcase> <!-- test1 -->
  <testcase name="test" time="11.746" classname="com.edu.hml.personal.EmailSettings">
    <failure type="org.openqa.selenium.ElementClickInterceptedException" message="Element &amp;lt;button id=&amp;quot;save_1576216443334_5995&amp;quot; class=&amp;quot;btn btn-info&amp;quot; type=&amp;quot;button&amp;quot;&amp;gt; is not clickable at point (827,496) because another element &amp;lt;div&amp;gt; obscures it
Build info: version: &amp;apos;3.141.59&amp;apos;, revision: &amp;apos;e82be7d358&amp;apos;, time: &amp;apos;2018-11-14T08:25:53&amp;apos;
System info: host: &amp;apos;小琪琪的XPRO&amp;apos;, ip: &amp;apos;169.254.129.110&amp;apos;, os.name: &amp;apos;Windows 10&amp;apos;, os.arch: &amp;apos;amd64&amp;apos;, os.version: &amp;apos;10.0&amp;apos;, java.version: &amp;apos;1.8.0_171&amp;apos;
Driver info: org.openqa.selenium.firefox.FirefoxDriver
Capabilities {acceptInsecureCerts: true, browserName: firefox, browserVersion: 65.0.2, javascriptEnabled: true, moz:accessibilityChecks: false, moz:geckodriverVersion: 0.24.0, moz:headless: false, moz:processID: 11232, moz:profile: C:\Users\李嘉琪\AppData\Local\..., moz:shutdownTimeout: 60000, moz:useNonSpecCompliantPointerOrigin: false, moz:webdriverClick: true, pageLoadStrategy: normal, platform: WINDOWS, platformName: WINDOWS, platformVersion: 10.0, rotatable: false, setWindowRect: true, strictFileInteractability: false, timeouts: {implicit: 0, pageLoad: 300000, script: 30000}, unhandledPromptBehavior: dismiss and notify}
Session ID: 2a951757-53cd-4953-9d6a-7b549179c267">
      <![CDATA[org.openqa.selenium.ElementClickInterceptedException: Element <button id="save_1576216443334_5995" class="btn btn-info" type="button"> is not clickable at point (827,496) because another element <div> obscures it
Build info: version: '3.141.59', revision: 'e82be7d358', time: '2018-11-14T08:25:53'
System info: host: '小琪琪的XPRO', ip: '169.254.129.110', os.name: 'Windows 10', os.arch: 'amd64', os.version: '10.0', java.version: '1.8.0_171'
Driver info: org.openqa.selenium.firefox.FirefoxDriver
Capabilities {acceptInsecureCerts: true, browserName: firefox, browserVersion: 65.0.2, javascriptEnabled: true, moz:accessibilityChecks: false, moz:geckodriverVersion: 0.24.0, moz:headless: false, moz:processID: 11232, moz:profile: C:\Users\李嘉琪\AppData\Local\..., moz:shutdownTimeout: 60000, moz:useNonSpecCompliantPointerOrigin: false, moz:webdriverClick: true, pageLoadStrategy: normal, platform: WINDOWS, platformName: WINDOWS, platformVersion: 10.0, rotatable: false, setWindowRect: true, strictFileInteractability: false, timeouts: {implicit: 0, pageLoad: 300000, script: 30000}, unhandledPromptBehavior: dismiss and notify}
Session ID: 2a951757-53cd-4953-9d6a-7b549179c267
at org.openqa.selenium.remote.http.W3CHttpResponseCodec.createException(W3CHttpResponseCodec.java:187)
at org.openqa.selenium.remote.http.W3CHttpResponseCodec.decode(W3CHttpResponseCodec.java:122)
at org.openqa.selenium.remote.http.W3CHttpResponseCodec.decode(W3CHttpResponseCodec.java:49)
at org.openqa.selenium.remote.HttpCommandExecutor.execute(HttpCommandExecutor.java:158)
at org.openqa.selenium.remote.service.DriverCommandExecutor.execute(DriverCommandExecutor.java:83)
at org.openqa.selenium.remote.RemoteWebDriver.execute(RemoteWebDriver.java:552)
at org.openqa.selenium.remote.RemoteWebElement.execute(RemoteWebElement.java:285)
at org.openqa.selenium.remote.RemoteWebElement.click(RemoteWebElement.java:84)
at com.webtest.core.WebDriverEngine.click(WebDriverEngine.java:145)
at com.edu.hml.personal.EmailSettings.test(EmailSettings.java:25)
... Removed 29 stack frames]]>
    </failure>
  </testcase> <!-- test -->
  <testcase name="test" time="9.696" classname="com.edu.hml.personal.EnterPersonalDocmentEdit">
    <failure type="org.openqa.selenium.ElementNotInteractableException" message="Element &amp;lt;tbody id=&amp;quot;tbody_1576216472416_8506&amp;quot;&amp;gt; could not be scrolled into view
Build info: version: &amp;apos;3.141.59&amp;apos;, revision: &amp;apos;e82be7d358&amp;apos;, time: &amp;apos;2018-11-14T08:25:53&amp;apos;
System info: host: &amp;apos;小琪琪的XPRO&amp;apos;, ip: &amp;apos;169.254.129.110&amp;apos;, os.name: &amp;apos;Windows 10&amp;apos;, os.arch: &amp;apos;amd64&amp;apos;, os.version: &amp;apos;10.0&amp;apos;, java.version: &amp;apos;1.8.0_171&amp;apos;
Driver info: org.openqa.selenium.firefox.FirefoxDriver
Capabilities {acceptInsecureCerts: true, browserName: firefox, browserVersion: 65.0.2, javascriptEnabled: true, moz:accessibilityChecks: false, moz:geckodriverVersion: 0.24.0, moz:headless: false, moz:processID: 17440, moz:profile: C:\Users\李嘉琪\AppData\Local\..., moz:shutdownTimeout: 60000, moz:useNonSpecCompliantPointerOrigin: false, moz:webdriverClick: true, pageLoadStrategy: normal, platform: WINDOWS, platformName: WINDOWS, platformVersion: 10.0, rotatable: false, setWindowRect: true, strictFileInteractability: false, timeouts: {implicit: 0, pageLoad: 300000, script: 30000}, unhandledPromptBehavior: dismiss and notify}
Session ID: a7b3111e-92fb-4dd5-937b-987ca5f60392">
      <![CDATA[org.openqa.selenium.ElementNotInteractableException: Element <tbody id="tbody_1576216472416_8506"> could not be scrolled into view
Build info: version: '3.141.59', revision: 'e82be7d358', time: '2018-11-14T08:25:53'
System info: host: '小琪琪的XPRO', ip: '169.254.129.110', os.name: 'Windows 10', os.arch: 'amd64', os.version: '10.0', java.version: '1.8.0_171'
Driver info: org.openqa.selenium.firefox.FirefoxDriver
Capabilities {acceptInsecureCerts: true, browserName: firefox, browserVersion: 65.0.2, javascriptEnabled: true, moz:accessibilityChecks: false, moz:geckodriverVersion: 0.24.0, moz:headless: false, moz:processID: 17440, moz:profile: C:\Users\李嘉琪\AppData\Local\..., moz:shutdownTimeout: 60000, moz:useNonSpecCompliantPointerOrigin: false, moz:webdriverClick: true, pageLoadStrategy: normal, platform: WINDOWS, platformName: WINDOWS, platformVersion: 10.0, rotatable: false, setWindowRect: true, strictFileInteractability: false, timeouts: {implicit: 0, pageLoad: 300000, script: 30000}, unhandledPromptBehavior: dismiss and notify}
Session ID: a7b3111e-92fb-4dd5-937b-987ca5f60392
at org.openqa.selenium.remote.http.W3CHttpResponseCodec.createException(W3CHttpResponseCodec.java:187)
at org.openqa.selenium.remote.http.W3CHttpResponseCodec.decode(W3CHttpResponseCodec.java:122)
at org.openqa.selenium.remote.http.W3CHttpResponseCodec.decode(W3CHttpResponseCodec.java:49)
at org.openqa.selenium.remote.HttpCommandExecutor.execute(HttpCommandExecutor.java:158)
at org.openqa.selenium.remote.service.DriverCommandExecutor.execute(DriverCommandExecutor.java:83)
at org.openqa.selenium.remote.RemoteWebDriver.execute(RemoteWebDriver.java:552)
at org.openqa.selenium.remote.RemoteWebElement.execute(RemoteWebElement.java:285)
at org.openqa.selenium.remote.RemoteWebElement.click(RemoteWebElement.java:84)
at com.webtest.core.WebDriverEngine.click(WebDriverEngine.java:145)
at com.edu.hml.personal.EnterPersonalDocmentEdit.test(EnterPersonalDocmentEdit.java:21)
... Removed 29 stack frames]]>
    </failure>
  </testcase> <!-- test -->
  <testcase name="test2" time="9.685" classname="com.edu.hml.personal.EnterPersonalDocmentEdit">
    <failure type="org.openqa.selenium.ElementNotInteractableException" message="Element &amp;lt;tbody id=&amp;quot;tbody_1576216472416_8506&amp;quot;&amp;gt; could not be scrolled into view
Build info: version: &amp;apos;3.141.59&amp;apos;, revision: &amp;apos;e82be7d358&amp;apos;, time: &amp;apos;2018-11-14T08:25:53&amp;apos;
System info: host: &amp;apos;小琪琪的XPRO&amp;apos;, ip: &amp;apos;169.254.129.110&amp;apos;, os.name: &amp;apos;Windows 10&amp;apos;, os.arch: &amp;apos;amd64&amp;apos;, os.version: &amp;apos;10.0&amp;apos;, java.version: &amp;apos;1.8.0_171&amp;apos;
Driver info: org.openqa.selenium.firefox.FirefoxDriver
Capabilities {acceptInsecureCerts: true, browserName: firefox, browserVersion: 65.0.2, javascriptEnabled: true, moz:accessibilityChecks: false, moz:geckodriverVersion: 0.24.0, moz:headless: false, moz:processID: 17440, moz:profile: C:\Users\李嘉琪\AppData\Local\..., moz:shutdownTimeout: 60000, moz:useNonSpecCompliantPointerOrigin: false, moz:webdriverClick: true, pageLoadStrategy: normal, platform: WINDOWS, platformName: WINDOWS, platformVersion: 10.0, rotatable: false, setWindowRect: true, strictFileInteractability: false, timeouts: {implicit: 0, pageLoad: 300000, script: 30000}, unhandledPromptBehavior: dismiss and notify}
Session ID: a7b3111e-92fb-4dd5-937b-987ca5f60392">
      <![CDATA[org.openqa.selenium.ElementNotInteractableException: Element <tbody id="tbody_1576216472416_8506"> could not be scrolled into view
Build info: version: '3.141.59', revision: 'e82be7d358', time: '2018-11-14T08:25:53'
System info: host: '小琪琪的XPRO', ip: '169.254.129.110', os.name: 'Windows 10', os.arch: 'amd64', os.version: '10.0', java.version: '1.8.0_171'
Driver info: org.openqa.selenium.firefox.FirefoxDriver
Capabilities {acceptInsecureCerts: true, browserName: firefox, browserVersion: 65.0.2, javascriptEnabled: true, moz:accessibilityChecks: false, moz:geckodriverVersion: 0.24.0, moz:headless: false, moz:processID: 17440, moz:profile: C:\Users\李嘉琪\AppData\Local\..., moz:shutdownTimeout: 60000, moz:useNonSpecCompliantPointerOrigin: false, moz:webdriverClick: true, pageLoadStrategy: normal, platform: WINDOWS, platformName: WINDOWS, platformVersion: 10.0, rotatable: false, setWindowRect: true, strictFileInteractability: false, timeouts: {implicit: 0, pageLoad: 300000, script: 30000}, unhandledPromptBehavior: dismiss and notify}
Session ID: a7b3111e-92fb-4dd5-937b-987ca5f60392
at org.openqa.selenium.remote.http.W3CHttpResponseCodec.createException(W3CHttpResponseCodec.java:187)
at org.openqa.selenium.remote.http.W3CHttpResponseCodec.decode(W3CHttpResponseCodec.java:122)
at org.openqa.selenium.remote.http.W3CHttpResponseCodec.decode(W3CHttpResponseCodec.java:49)
at org.openqa.selenium.remote.HttpCommandExecutor.execute(HttpCommandExecutor.java:158)
at org.openqa.selenium.remote.service.DriverCommandExecutor.execute(DriverCommandExecutor.java:83)
at org.openqa.selenium.remote.RemoteWebDriver.execute(RemoteWebDriver.java:552)
at org.openqa.selenium.remote.RemoteWebElement.execute(RemoteWebElement.java:285)
at org.openqa.selenium.remote.RemoteWebElement.click(RemoteWebElement.java:84)
at com.webtest.core.WebDriverEngine.click(WebDriverEngine.java:145)
at com.edu.hml.personal.EnterPersonalDocmentEdit.test2(EnterPersonalDocmentEdit.java:37)
... Removed 29 stack frames]]>
    </failure>
  </testcase> <!-- test2 -->
  <testcase name="test" time="9.69" classname="com.edu.hml.personal.ExportAddressList">
    <failure type="org.openqa.selenium.ElementClickInterceptedException" message="Element &amp;lt;button class=&amp;quot;btn btn-default&amp;quot; type=&amp;quot;button&amp;quot;&amp;gt; is not clickable at point (1463,121) because another element &amp;lt;div id=&amp;quot;notify_show_systodo&amp;quot; class=&amp;quot;animate slideInRight boxs&amp;quot;&amp;gt; obscures it
Build info: version: &amp;apos;3.141.59&amp;apos;, revision: &amp;apos;e82be7d358&amp;apos;, time: &amp;apos;2018-11-14T08:25:53&amp;apos;
System info: host: &amp;apos;小琪琪的XPRO&amp;apos;, ip: &amp;apos;169.254.129.110&amp;apos;, os.name: &amp;apos;Windows 10&amp;apos;, os.arch: &amp;apos;amd64&amp;apos;, os.version: &amp;apos;10.0&amp;apos;, java.version: &amp;apos;1.8.0_171&amp;apos;
Driver info: org.openqa.selenium.firefox.FirefoxDriver
Capabilities {acceptInsecureCerts: true, browserName: firefox, browserVersion: 65.0.2, javascriptEnabled: true, moz:accessibilityChecks: false, moz:geckodriverVersion: 0.24.0, moz:headless: false, moz:processID: 16072, moz:profile: C:\Users\李嘉琪\AppData\Local\..., moz:shutdownTimeout: 60000, moz:useNonSpecCompliantPointerOrigin: false, moz:webdriverClick: true, pageLoadStrategy: normal, platform: WINDOWS, platformName: WINDOWS, platformVersion: 10.0, rotatable: false, setWindowRect: true, strictFileInteractability: false, timeouts: {implicit: 0, pageLoad: 300000, script: 30000}, unhandledPromptBehavior: dismiss and notify}
Session ID: d54d3854-5e2f-41e8-a5e1-90a4dc109a44">
      <![CDATA[org.openqa.selenium.ElementClickInterceptedException: Element <button class="btn btn-default" type="button"> is not clickable at point (1463,121) because another element <div id="notify_show_systodo" class="animate slideInRight boxs"> obscures it
Build info: version: '3.141.59', revision: 'e82be7d358', time: '2018-11-14T08:25:53'
System info: host: '小琪琪的XPRO', ip: '169.254.129.110', os.name: 'Windows 10', os.arch: 'amd64', os.version: '10.0', java.version: '1.8.0_171'
Driver info: org.openqa.selenium.firefox.FirefoxDriver
Capabilities {acceptInsecureCerts: true, browserName: firefox, browserVersion: 65.0.2, javascriptEnabled: true, moz:accessibilityChecks: false, moz:geckodriverVersion: 0.24.0, moz:headless: false, moz:processID: 16072, moz:profile: C:\Users\李嘉琪\AppData\Local\..., moz:shutdownTimeout: 60000, moz:useNonSpecCompliantPointerOrigin: false, moz:webdriverClick: true, pageLoadStrategy: normal, platform: WINDOWS, platformName: WINDOWS, platformVersion: 10.0, rotatable: false, setWindowRect: true, strictFileInteractability: false, timeouts: {implicit: 0, pageLoad: 300000, script: 30000}, unhandledPromptBehavior: dismiss and notify}
Session ID: d54d3854-5e2f-41e8-a5e1-90a4dc109a44
at org.openqa.selenium.remote.http.W3CHttpResponseCodec.createException(W3CHttpResponseCodec.java:187)
at org.openqa.selenium.remote.http.W3CHttpResponseCodec.decode(W3CHttpResponseCodec.java:122)
at org.openqa.selenium.remote.http.W3CHttpResponseCodec.decode(W3CHttpResponseCodec.java:49)
at org.openqa.selenium.remote.HttpCommandExecutor.execute(HttpCommandExecutor.java:158)
at org.openqa.selenium.remote.service.DriverCommandExecutor.execute(DriverCommandExecutor.java:83)
at org.openqa.selenium.remote.RemoteWebDriver.execute(RemoteWebDriver.java:552)
at org.openqa.selenium.remote.RemoteWebElement.execute(RemoteWebElement.java:285)
at org.openqa.selenium.remote.RemoteWebElement.click(RemoteWebElement.java:84)
at com.webtest.core.WebDriverEngine.click(WebDriverEngine.java:145)
at com.edu.hml.personal.ExportAddressList.test(ExportAddressList.java:21)
... Removed 29 stack frames]]>
    </failure>
  </testcase> <!-- test -->
  <testcase name="test" time="19.497" classname="com.edu.hml.personal.SalaryEdit">
    <failure type="org.openqa.selenium.ElementClickInterceptedException" message="Element &amp;lt;button id=&amp;quot;xiang_1576216536050_5031&amp;quot; class=&amp;quot;btn btn-default&amp;quot; type=&amp;quot;button&amp;quot;&amp;gt; is not clickable at point (1396,121) because another element &amp;lt;div&amp;gt; obscures it
Build info: version: &amp;apos;3.141.59&amp;apos;, revision: &amp;apos;e82be7d358&amp;apos;, time: &amp;apos;2018-11-14T08:25:53&amp;apos;
System info: host: &amp;apos;小琪琪的XPRO&amp;apos;, ip: &amp;apos;169.254.129.110&amp;apos;, os.name: &amp;apos;Windows 10&amp;apos;, os.arch: &amp;apos;amd64&amp;apos;, os.version: &amp;apos;10.0&amp;apos;, java.version: &amp;apos;1.8.0_171&amp;apos;
Driver info: org.openqa.selenium.firefox.FirefoxDriver
Capabilities {acceptInsecureCerts: true, browserName: firefox, browserVersion: 65.0.2, javascriptEnabled: true, moz:accessibilityChecks: false, moz:geckodriverVersion: 0.24.0, moz:headless: false, moz:processID: 14364, moz:profile: C:\Users\李嘉琪\AppData\Local\..., moz:shutdownTimeout: 60000, moz:useNonSpecCompliantPointerOrigin: false, moz:webdriverClick: true, pageLoadStrategy: normal, platform: WINDOWS, platformName: WINDOWS, platformVersion: 10.0, rotatable: false, setWindowRect: true, strictFileInteractability: false, timeouts: {implicit: 0, pageLoad: 300000, script: 30000}, unhandledPromptBehavior: dismiss and notify}
Session ID: c626e4a2-92f2-4157-b1b4-9d04e4314fcc">
      <![CDATA[org.openqa.selenium.ElementClickInterceptedException: Element <button id="xiang_1576216536050_5031" class="btn btn-default" type="button"> is not clickable at point (1396,121) because another element <div> obscures it
Build info: version: '3.141.59', revision: 'e82be7d358', time: '2018-11-14T08:25:53'
System info: host: '小琪琪的XPRO', ip: '169.254.129.110', os.name: 'Windows 10', os.arch: 'amd64', os.version: '10.0', java.version: '1.8.0_171'
Driver info: org.openqa.selenium.firefox.FirefoxDriver
Capabilities {acceptInsecureCerts: true, browserName: firefox, browserVersion: 65.0.2, javascriptEnabled: true, moz:accessibilityChecks: false, moz:geckodriverVersion: 0.24.0, moz:headless: false, moz:processID: 14364, moz:profile: C:\Users\李嘉琪\AppData\Local\..., moz:shutdownTimeout: 60000, moz:useNonSpecCompliantPointerOrigin: false, moz:webdriverClick: true, pageLoadStrategy: normal, platform: WINDOWS, platformName: WINDOWS, platformVersion: 10.0, rotatable: false, setWindowRect: true, strictFileInteractability: false, timeouts: {implicit: 0, pageLoad: 300000, script: 30000}, unhandledPromptBehavior: dismiss and notify}
Session ID: c626e4a2-92f2-4157-b1b4-9d04e4314fcc
at org.openqa.selenium.remote.http.W3CHttpResponseCodec.createException(W3CHttpResponseCodec.java:187)
at org.openqa.selenium.remote.http.W3CHttpResponseCodec.decode(W3CHttpResponseCodec.java:122)
at org.openqa.selenium.remote.http.W3CHttpResponseCodec.decode(W3CHttpResponseCodec.java:49)
at org.openqa.selenium.remote.HttpCommandExecutor.execute(HttpCommandExecutor.java:158)
at org.openqa.selenium.remote.service.DriverCommandExecutor.execute(DriverCommandExecutor.java:83)
at org.openqa.selenium.remote.RemoteWebDriver.execute(RemoteWebDriver.java:552)
at org.openqa.selenium.remote.RemoteWebElement.execute(RemoteWebElement.java:285)
at org.openqa.selenium.remote.RemoteWebElement.click(RemoteWebElement.java:84)
at com.webtest.core.WebDriverEngine.click(WebDriverEngine.java:145)
at com.edu.hml.personal.SalaryEdit.test(SalaryEdit.java:28)
... Removed 29 stack frames]]>
    </failure>
  </testcase> <!-- test -->
  <testcase name="test" time="15.0" classname="com.edu.hml.personal.SearchSessionRecord"/>
  <testcase name="test2" time="26.472" classname="com.edu.hml.personal.SearchSessionRecord"/>
  <testcase name="test1" time="34.06" classname="com.edu.wangna.test.Administration_1_1"/>
  <testcase name="test1" time="13.0" classname="com.edu.wangna.test.Administration_1_2"/>
  <testcase name="test1" time="13.008" classname="com.edu.wangna.test.Administration_1_2"/>
  <testcase name="test1" time="12.987" classname="com.edu.wangna.test.Administration_1_2"/>
  <testcase name="test1" time="13.001" classname="com.edu.wangna.test.Administration_1_2"/>
  <testcase name="test1" time="13.0" classname="com.edu.wangna.test.Administration_1_2"/>
  <testcase name="test1" time="13.025" classname="com.edu.wangna.test.Administration_1_2"/>
  <testcase name="test1" time="13.035" classname="com.edu.wangna.test.Administration_1_2"/>
  <testcase name="test1" time="13.03" classname="com.edu.wangna.test.Administration_1_2"/>
  <testcase name="test1" time="36.932" classname="com.edu.wangna.test.Administration_2_1">
    <failure type="org.openqa.selenium.WebDriverException" message="TypeError: can&amp;apos;t access dead object
Build info: version: &amp;apos;3.141.59&amp;apos;, revision: &amp;apos;e82be7d358&amp;apos;, time: &amp;apos;2018-11-14T08:25:53&amp;apos;
System info: host: &amp;apos;小琪琪的XPRO&amp;apos;, ip: &amp;apos;169.254.129.110&amp;apos;, os.name: &amp;apos;Windows 10&amp;apos;, os.arch: &amp;apos;amd64&amp;apos;, os.version: &amp;apos;10.0&amp;apos;, java.version: &amp;apos;1.8.0_171&amp;apos;
Driver info: org.openqa.selenium.firefox.FirefoxDriver
Capabilities {acceptInsecureCerts: true, browserName: firefox, browserVersion: 65.0.2, javascriptEnabled: true, moz:accessibilityChecks: false, moz:geckodriverVersion: 0.24.0, moz:headless: false, moz:processID: 19180, moz:profile: C:\Users\李嘉琪\AppData\Local\..., moz:shutdownTimeout: 60000, moz:useNonSpecCompliantPointerOrigin: false, moz:webdriverClick: true, pageLoadStrategy: normal, platform: WINDOWS, platformName: WINDOWS, platformVersion: 10.0, rotatable: false, setWindowRect: true, strictFileInteractability: false, timeouts: {implicit: 0, pageLoad: 300000, script: 30000}, unhandledPromptBehavior: dismiss and notify}
Session ID: 668b68df-e664-415c-9de2-ed881f12b834">
      <![CDATA[org.openqa.selenium.WebDriverException: TypeError: can't access dead object
Build info: version: '3.141.59', revision: 'e82be7d358', time: '2018-11-14T08:25:53'
System info: host: '小琪琪的XPRO', ip: '169.254.129.110', os.name: 'Windows 10', os.arch: 'amd64', os.version: '10.0', java.version: '1.8.0_171'
Driver info: org.openqa.selenium.firefox.FirefoxDriver
Capabilities {acceptInsecureCerts: true, browserName: firefox, browserVersion: 65.0.2, javascriptEnabled: true, moz:accessibilityChecks: false, moz:geckodriverVersion: 0.24.0, moz:headless: false, moz:processID: 19180, moz:profile: C:\Users\李嘉琪\AppData\Local\..., moz:shutdownTimeout: 60000, moz:useNonSpecCompliantPointerOrigin: false, moz:webdriverClick: true, pageLoadStrategy: normal, platform: WINDOWS, platformName: WINDOWS, platformVersion: 10.0, rotatable: false, setWindowRect: true, strictFileInteractability: false, timeouts: {implicit: 0, pageLoad: 300000, script: 30000}, unhandledPromptBehavior: dismiss and notify}
Session ID: 668b68df-e664-415c-9de2-ed881f12b834
at org.openqa.selenium.remote.http.W3CHttpResponseCodec.createException(W3CHttpResponseCodec.java:187)
at org.openqa.selenium.remote.http.W3CHttpResponseCodec.decode(W3CHttpResponseCodec.java:122)
at org.openqa.selenium.remote.http.W3CHttpResponseCodec.decode(W3CHttpResponseCodec.java:49)
at org.openqa.selenium.remote.HttpCommandExecutor.execute(HttpCommandExecutor.java:158)
at org.openqa.selenium.remote.service.DriverCommandExecutor.execute(DriverCommandExecutor.java:83)
at org.openqa.selenium.remote.RemoteWebDriver.execute(RemoteWebDriver.java:552)
at org.openqa.selenium.remote.RemoteWebDriver.execute(RemoteWebDriver.java:609)
at org.openqa.selenium.remote.RemoteWebDriver.getPageSource(RemoteWebDriver.java:438)
at com.edu.core.WebDriverEngine.isTextPresent(WebDriverEngine.java:116)
at com.edu.wangna.test.Administration_2_1.test1(Administration_2_1.java:38)
... Removed 29 stack frames]]>
    </failure>
  </testcase> <!-- test1 -->
  <testcase name="test1" time="0.0" classname="com.edu.wangna.test.Administration_2_2">
    <skipped/>
  </testcase> <!-- test1 -->
  <testcase name="test1" time="34.832" classname="com.edu.wangna.test.Administration_3_1"/>
  <testcase name="test1" time="13.028" classname="com.edu.wangna.test.Administration_3_2"/>
  <testcase name="test1" time="13.032" classname="com.edu.wangna.test.PersonnelAttendance_1_1"/>
  <testcase name="test1" time="13.007" classname="com.edu.wangna.test.PersonnelAttendance_1_1"/>
  <testcase name="test1" time="12.988" classname="com.edu.wangna.test.PersonnelAttendance_1_1"/>
  <testcase name="test1" time="13.012" classname="com.edu.wangna.test.PersonnelAttendance_1_1"/>
  <testcase name="test1" time="13.012" classname="com.edu.wangna.test.PersonnelAttendance_1_1"/>
  <testcase name="test1" time="13.016" classname="com.edu.wangna.test.PersonnelAttendance_1_1"/>
  <testcase name="test1" time="13.015" classname="com.edu.wangna.test.PersonnelAttendance_1_1"/>
  <testcase name="test1" time="46.011" classname="com.edu.wangna.test.PersonnelAttendance_1_2"/>
  <testcase name="test2" time="39.579" classname="com.edu.wangna.test.PersonnelAttendance_1_2"/>
  <testcase name="test3" time="39.574" classname="com.edu.wangna.test.PersonnelAttendance_1_2"/>
  <testcase name="test4" time="39.561" classname="com.edu.wangna.test.PersonnelAttendance_1_2"/>
  <testcase name="test5" time="39.58" classname="com.edu.wangna.test.PersonnelAttendance_1_2"/>
  <testcase name="test1" time="18.203" classname="com.edu.wangna.test.PersonnelAttendance_1_3"/>
  <testcase name="test2" time="18.195" classname="com.edu.wangna.test.PersonnelAttendance_1_3"/>
  <testcase name="test3" time="18.199" classname="com.edu.wangna.test.PersonnelAttendance_1_3"/>
  <testcase name="test4" time="18.215" classname="com.edu.wangna.test.PersonnelAttendance_1_3"/>
  <testcase name="test5" time="18.208" classname="com.edu.wangna.test.PersonnelAttendance_1_3"/>
  <testcase name="test1" time="19.466" classname="com.edu.wangna.test.PersonnelAttendance_2_1"/>
  <testcase name="test1" time="22.538" classname="com.edu.wangna.test.PersonnelAttendance_2_2"/>
  <testcase name="test1" time="22.491" classname="com.edu.wangna.test.PersonnelAttendance_2_2"/>
  <testcase name="test1" time="47.146" classname="com.edu.wangna.test.PersonnelAttendance_2_3">
    <failure type="org.openqa.selenium.WebDriverException" message="TypeError: can&amp;apos;t access dead object
Build info: version: &amp;apos;3.141.59&amp;apos;, revision: &amp;apos;e82be7d358&amp;apos;, time: &amp;apos;2018-11-14T08:25:53&amp;apos;
System info: host: &amp;apos;小琪琪的XPRO&amp;apos;, ip: &amp;apos;169.254.129.110&amp;apos;, os.name: &amp;apos;Windows 10&amp;apos;, os.arch: &amp;apos;amd64&amp;apos;, os.version: &amp;apos;10.0&amp;apos;, java.version: &amp;apos;1.8.0_171&amp;apos;
Driver info: org.openqa.selenium.firefox.FirefoxDriver
Capabilities {acceptInsecureCerts: true, browserName: firefox, browserVersion: 65.0.2, javascriptEnabled: true, moz:accessibilityChecks: false, moz:geckodriverVersion: 0.24.0, moz:headless: false, moz:processID: 3132, moz:profile: C:\Users\李嘉琪\AppData\Local\..., moz:shutdownTimeout: 60000, moz:useNonSpecCompliantPointerOrigin: false, moz:webdriverClick: true, pageLoadStrategy: normal, platform: WINDOWS, platformName: WINDOWS, platformVersion: 10.0, rotatable: false, setWindowRect: true, strictFileInteractability: false, timeouts: {implicit: 0, pageLoad: 300000, script: 30000}, unhandledPromptBehavior: dismiss and notify}
Session ID: 1a920052-24ad-4cb6-a6ca-22bc148af8dc">
      <![CDATA[org.openqa.selenium.WebDriverException: TypeError: can't access dead object
Build info: version: '3.141.59', revision: 'e82be7d358', time: '2018-11-14T08:25:53'
System info: host: '小琪琪的XPRO', ip: '169.254.129.110', os.name: 'Windows 10', os.arch: 'amd64', os.version: '10.0', java.version: '1.8.0_171'
Driver info: org.openqa.selenium.firefox.FirefoxDriver
Capabilities {acceptInsecureCerts: true, browserName: firefox, browserVersion: 65.0.2, javascriptEnabled: true, moz:accessibilityChecks: false, moz:geckodriverVersion: 0.24.0, moz:headless: false, moz:processID: 3132, moz:profile: C:\Users\李嘉琪\AppData\Local\..., moz:shutdownTimeout: 60000, moz:useNonSpecCompliantPointerOrigin: false, moz:webdriverClick: true, pageLoadStrategy: normal, platform: WINDOWS, platformName: WINDOWS, platformVersion: 10.0, rotatable: false, setWindowRect: true, strictFileInteractability: false, timeouts: {implicit: 0, pageLoad: 300000, script: 30000}, unhandledPromptBehavior: dismiss and notify}
Session ID: 1a920052-24ad-4cb6-a6ca-22bc148af8dc
at org.openqa.selenium.remote.http.W3CHttpResponseCodec.createException(W3CHttpResponseCodec.java:187)
at org.openqa.selenium.remote.http.W3CHttpResponseCodec.decode(W3CHttpResponseCodec.java:122)
at org.openqa.selenium.remote.http.W3CHttpResponseCodec.decode(W3CHttpResponseCodec.java:49)
at org.openqa.selenium.remote.HttpCommandExecutor.execute(HttpCommandExecutor.java:158)
at org.openqa.selenium.remote.service.DriverCommandExecutor.execute(DriverCommandExecutor.java:83)
at org.openqa.selenium.remote.RemoteWebDriver.execute(RemoteWebDriver.java:552)
at org.openqa.selenium.remote.RemoteWebDriver.execute(RemoteWebDriver.java:609)
at org.openqa.selenium.remote.RemoteWebDriver.getPageSource(RemoteWebDriver.java:438)
at com.edu.core.WebDriverEngine.isTextPresent(WebDriverEngine.java:116)
at com.edu.wangna.test.PersonnelAttendance_2_3.test1(PersonnelAttendance_2_3.java:44)
... Removed 29 stack frames]]>
    </failure>
  </testcase> <!-- test1 -->
  <testcase name="test1" time="37.598" classname="com.edu.wangna.test.PersonnelAttendance_2_5">
    <failure type="org.openqa.selenium.WebDriverException" message="TypeError: can&amp;apos;t access dead object
Build info: version: &amp;apos;3.141.59&amp;apos;, revision: &amp;apos;e82be7d358&amp;apos;, time: &amp;apos;2018-11-14T08:25:53&amp;apos;
System info: host: &amp;apos;小琪琪的XPRO&amp;apos;, ip: &amp;apos;169.254.129.110&amp;apos;, os.name: &amp;apos;Windows 10&amp;apos;, os.arch: &amp;apos;amd64&amp;apos;, os.version: &amp;apos;10.0&amp;apos;, java.version: &amp;apos;1.8.0_171&amp;apos;
Driver info: org.openqa.selenium.firefox.FirefoxDriver
Capabilities {acceptInsecureCerts: true, browserName: firefox, browserVersion: 65.0.2, javascriptEnabled: true, moz:accessibilityChecks: false, moz:geckodriverVersion: 0.24.0, moz:headless: false, moz:processID: 19092, moz:profile: C:\Users\李嘉琪\AppData\Local\..., moz:shutdownTimeout: 60000, moz:useNonSpecCompliantPointerOrigin: false, moz:webdriverClick: true, pageLoadStrategy: normal, platform: WINDOWS, platformName: WINDOWS, platformVersion: 10.0, rotatable: false, setWindowRect: true, strictFileInteractability: false, timeouts: {implicit: 0, pageLoad: 300000, script: 30000}, unhandledPromptBehavior: dismiss and notify}
Session ID: 1e6e48d5-c0e9-45db-8f64-cdf2415a1e83">
      <![CDATA[org.openqa.selenium.WebDriverException: TypeError: can't access dead object
Build info: version: '3.141.59', revision: 'e82be7d358', time: '2018-11-14T08:25:53'
System info: host: '小琪琪的XPRO', ip: '169.254.129.110', os.name: 'Windows 10', os.arch: 'amd64', os.version: '10.0', java.version: '1.8.0_171'
Driver info: org.openqa.selenium.firefox.FirefoxDriver
Capabilities {acceptInsecureCerts: true, browserName: firefox, browserVersion: 65.0.2, javascriptEnabled: true, moz:accessibilityChecks: false, moz:geckodriverVersion: 0.24.0, moz:headless: false, moz:processID: 19092, moz:profile: C:\Users\李嘉琪\AppData\Local\..., moz:shutdownTimeout: 60000, moz:useNonSpecCompliantPointerOrigin: false, moz:webdriverClick: true, pageLoadStrategy: normal, platform: WINDOWS, platformName: WINDOWS, platformVersion: 10.0, rotatable: false, setWindowRect: true, strictFileInteractability: false, timeouts: {implicit: 0, pageLoad: 300000, script: 30000}, unhandledPromptBehavior: dismiss and notify}
Session ID: 1e6e48d5-c0e9-45db-8f64-cdf2415a1e83
at org.openqa.selenium.remote.http.W3CHttpResponseCodec.createException(W3CHttpResponseCodec.java:187)
at org.openqa.selenium.remote.http.W3CHttpResponseCodec.decode(W3CHttpResponseCodec.java:122)
at org.openqa.selenium.remote.http.W3CHttpResponseCodec.decode(W3CHttpResponseCodec.java:49)
at org.openqa.selenium.remote.HttpCommandExecutor.execute(HttpCommandExecutor.java:158)
at org.openqa.selenium.remote.service.DriverCommandExecutor.execute(DriverCommandExecutor.java:83)
at org.openqa.selenium.remote.RemoteWebDriver.execute(RemoteWebDriver.java:552)
at org.openqa.selenium.remote.RemoteWebDriver.execute(RemoteWebDriver.java:609)
at org.openqa.selenium.remote.RemoteWebDriver.getPageSource(RemoteWebDriver.java:438)
at com.edu.core.WebDriverEngine.isTextPresent(WebDriverEngine.java:116)
at com.edu.wangna.test.PersonnelAttendance_2_5.test1(PersonnelAttendance_2_5.java:46)
... Removed 29 stack frames]]>
    </failure>
  </testcase> <!-- test1 -->
  <testcase name="test2" time="0.05" classname="com.edu.wangna.test.PersonnelAttendance_2_5"/>
  <testcase name="test2" time="0.05" classname="com.edu.wangna.test.PersonnelAttendance_2_5"/>
  <testcase name="test2" time="0.05" classname="com.edu.wangna.test.PersonnelAttendance_2_5"/>
  <testcase name="test2" time="0.058" classname="com.edu.wangna.test.PersonnelAttendance_2_5"/>
  <testcase name="test1" time="13.018" classname="com.edu.wangna.test.PersonnelAttendance_3"/>
  <testcase name="test1" time="13.02" classname="com.edu.wangna.test.PersonnelAttendance_3"/>
  <testcase name="test1" time="13.026" classname="com.edu.wangna.test.PersonnelAttendance_3"/>
  <testcase name="test1" time="13.016" classname="com.edu.wangna.test.PersonnelAttendance_3"/>
  <testcase name="test1" time="13.01" classname="com.edu.wangna.test.PersonnelAttendance_3"/>
  <testcase name="test1" time="13.029" classname="com.edu.wangna.test.PersonnelAttendance_3"/>
  <testcase name="test1" time="13.02" classname="com.edu.wangna.test.PersonnelAttendance_3"/>
  <testcase name="test1" time="12.999" classname="com.edu.wangna.test.PersonnelAttendance_3"/>
  <testcase name="test1" time="13.002" classname="com.edu.wangna.test.PersonnelAttendance_3"/>
  <testcase name="test1" time="13.016" classname="com.edu.wangna.test.PersonnelAttendance_3"/>
  <testcase name="test1" time="13.001" classname="com.edu.wangna.test.PersonnelAttendance_4"/>
  <testcase name="test1" time="13.016" classname="com.edu.wangna.test.PersonnelAttendance_4"/>
  <testcase name="test1" time="13.024" classname="com.edu.wangna.test.PersonnelAttendance_4"/>
  <testcase name="test1" time="13.007" classname="com.edu.wangna.test.PersonnelAttendance_4"/>
  <testcase name="test1" time="12.987" classname="com.edu.wangna.test.PersonnelAttendance_4"/>
  <testcase name="test1" time="13.026" classname="com.edu.wangna.test.PersonnelAttendance_4"/>
  <testcase name="test1" time="13.004" classname="com.edu.wangna.test.PersonnelAttendance_4"/>
  <testcase name="test1" time="13.016" classname="com.edu.wangna.test.PersonnelAttendance_5"/>
  <testcase name="test1" time="13.008" classname="com.edu.wangna.test.PersonnelAttendance_5"/>
  <testcase name="test1" time="13.029" classname="com.edu.wangna.test.PersonnelAttendance_5"/>
  <testcase name="test1" time="13.011" classname="com.edu.wangna.test.PersonnelAttendance_5"/>
  <testcase name="test1" time="13.004" classname="com.edu.wangna.test.PersonnelAttendance_5"/>
  <testcase name="test1" time="13.042" classname="com.edu.wangna.test.PersonnelAttendance_5"/>
  <testcase name="test1" time="13.029" classname="com.edu.wangna.test.PersonnelAttendance_5"/>
  <testcase name="test1" time="12.993" classname="com.edu.wangna.test.PersonnelAttendance_5"/>
  <testcase name="AddContract1" time="45.076" classname="com.edu.zmj.task.AddContract"/>
  <testcase name="AddContract2" time="22.443" classname="com.edu.zmj.task.AddContract"/>
  <testcase name="AddContract3" time="32.229" classname="com.edu.zmj.task.AddContract"/>
  <testcase name="AddContract4" time="38.677" classname="com.edu.zmj.task.AddContract"/>
  <testcase name="AddCustomer1" time="32.14" classname="com.edu.zmj.task.AddCustomer"/>
  <testcase name="AddCustomer2" time="22.426" classname="com.edu.zmj.task.AddCustomer"/>
  <testcase name="AddCustomer3" time="22.498" classname="com.edu.zmj.task.AddCustomer"/>
  <testcase name="AddCustomer4" time="28.984" classname="com.edu.zmj.task.AddCustomer"/>
  <testcase name="AddCustomer5" time="36.491" classname="com.edu.zmj.task.AddCustomer">
    <failure type="org.openqa.selenium.WebDriverException" message="TypeError: can&amp;apos;t access dead object
Build info: version: &amp;apos;3.141.59&amp;apos;, revision: &amp;apos;e82be7d358&amp;apos;, time: &amp;apos;2018-11-14T08:25:53&amp;apos;
System info: host: &amp;apos;小琪琪的XPRO&amp;apos;, ip: &amp;apos;169.254.129.110&amp;apos;, os.name: &amp;apos;Windows 10&amp;apos;, os.arch: &amp;apos;amd64&amp;apos;, os.version: &amp;apos;10.0&amp;apos;, java.version: &amp;apos;1.8.0_171&amp;apos;
Driver info: org.openqa.selenium.firefox.FirefoxDriver
Capabilities {acceptInsecureCerts: true, browserName: firefox, browserVersion: 65.0.2, javascriptEnabled: true, moz:accessibilityChecks: false, moz:geckodriverVersion: 0.24.0, moz:headless: false, moz:processID: 10224, moz:profile: C:\Users\李嘉琪\AppData\Local\..., moz:shutdownTimeout: 60000, moz:useNonSpecCompliantPointerOrigin: false, moz:webdriverClick: true, pageLoadStrategy: normal, platform: WINDOWS, platformName: WINDOWS, platformVersion: 10.0, rotatable: false, setWindowRect: true, strictFileInteractability: false, timeouts: {implicit: 0, pageLoad: 300000, script: 30000}, unhandledPromptBehavior: dismiss and notify}
Session ID: 1638aff1-4cc1-4362-8f55-1c708d73cee9">
      <![CDATA[org.openqa.selenium.WebDriverException: TypeError: can't access dead object
Build info: version: '3.141.59', revision: 'e82be7d358', time: '2018-11-14T08:25:53'
System info: host: '小琪琪的XPRO', ip: '169.254.129.110', os.name: 'Windows 10', os.arch: 'amd64', os.version: '10.0', java.version: '1.8.0_171'
Driver info: org.openqa.selenium.firefox.FirefoxDriver
Capabilities {acceptInsecureCerts: true, browserName: firefox, browserVersion: 65.0.2, javascriptEnabled: true, moz:accessibilityChecks: false, moz:geckodriverVersion: 0.24.0, moz:headless: false, moz:processID: 10224, moz:profile: C:\Users\李嘉琪\AppData\Local\..., moz:shutdownTimeout: 60000, moz:useNonSpecCompliantPointerOrigin: false, moz:webdriverClick: true, pageLoadStrategy: normal, platform: WINDOWS, platformName: WINDOWS, platformVersion: 10.0, rotatable: false, setWindowRect: true, strictFileInteractability: false, timeouts: {implicit: 0, pageLoad: 300000, script: 30000}, unhandledPromptBehavior: dismiss and notify}
Session ID: 1638aff1-4cc1-4362-8f55-1c708d73cee9
at org.openqa.selenium.remote.http.W3CHttpResponseCodec.createException(W3CHttpResponseCodec.java:187)
at org.openqa.selenium.remote.http.W3CHttpResponseCodec.decode(W3CHttpResponseCodec.java:122)
at org.openqa.selenium.remote.http.W3CHttpResponseCodec.decode(W3CHttpResponseCodec.java:49)
at org.openqa.selenium.remote.HttpCommandExecutor.execute(HttpCommandExecutor.java:158)
at org.openqa.selenium.remote.service.DriverCommandExecutor.execute(DriverCommandExecutor.java:83)
at org.openqa.selenium.remote.RemoteWebDriver.execute(RemoteWebDriver.java:552)
at org.openqa.selenium.remote.RemoteWebDriver.execute(RemoteWebDriver.java:609)
at org.openqa.selenium.remote.RemoteWebDriver.getPageSource(RemoteWebDriver.java:438)
at com.edu.core.WebDriverEngine.isTextPresent(WebDriverEngine.java:116)
at com.edu.zmj.task.AddCustomer.AddCustomer5(AddCustomer.java:110)
... Removed 28 stack frames]]>
    </failure>
  </testcase> <!-- AddCustomer5 -->
  <testcase name="AddPayment1" time="35.361" classname="com.edu.zmj.task.AddPayment"/>
  <testcase name="AddPayment2" time="22.925" classname="com.edu.zmj.task.AddPayment"/>
  <testcase name="AddPayment3" time="32.447" classname="com.edu.zmj.task.AddPayment"/>
  <testcase name="AddPayment4" time="38.638" classname="com.edu.zmj.task.AddPayment"/>
  <testcase name="AddProject1" time="48.432" classname="com.edu.zmj.task.AddProject"/>
  <testcase name="AddProject2" time="22.428" classname="com.edu.zmj.task.AddProject"/>
  <testcase name="AddProject3" time="22.496" classname="com.edu.zmj.task.AddProject"/>
  <testcase name="AddProject4" time="28.979" classname="com.edu.zmj.task.AddProject"/>
  <testcase name="AddProject5" time="44.036" classname="com.edu.zmj.task.AddProject"/>
  <testcase name="AddReceipt1" time="35.363" classname="com.edu.zmj.task.AddReceipt"/>
  <testcase name="AddReceipt2" time="22.404" classname="com.edu.zmj.task.AddReceipt"/>
  <testcase name="AddReceipt3" time="32.221" classname="com.edu.zmj.task.AddReceipt"/>
  <testcase name="AddReceipt4" time="38.616" classname="com.edu.zmj.task.AddReceipt"/>
  <testcase name="AddProject1" time="28.872" classname="com.edu.zmj.task.AddTask"/>
  <testcase name="AddProject2" time="19.206" classname="com.edu.zmj.task.AddTask"/>
  <testcase name="AddProject3" time="19.263" classname="com.edu.zmj.task.AddTask"/>
  <testcase name="AddProject4" time="25.781" classname="com.edu.zmj.task.AddTask"/>
  <testcase name="AddXsjh1" time="35.388" classname="com.edu.zmj.task.AddXsjh"/>
  <testcase name="AddXsjh2" time="22.415" classname="com.edu.zmj.task.AddXsjh"/>
  <testcase name="AddXsjh3" time="32.191" classname="com.edu.zmj.task.AddXsjh">
    <failure type="java.lang.AssertionError" message="expected [true] but found [false]">
      <![CDATA[java.lang.AssertionError: expected [true] but found [false]
at com.edu.zmj.task.AddXsjh.AddXsjh3(AddXsjh.java:71)
... Removed 29 stack frames]]>
    </failure>
  </testcase> <!-- AddXsjh3 -->
  <testcase name="DeletePayment1" time="19.483" classname="com.edu.zmj.task.DeletePayment"/>
  <testcase name="DeleteProject1" time="19.497" classname="com.edu.zmj.task.DeleteProject"/>
  <testcase name="DeleteReceipt1" time="19.479" classname="com.edu.zmj.task.DeleteReceipt"/>
  <testcase name="DeleteTask1" time="16.234" classname="com.edu.zmj.task.DeleteTask"/>
  <testcase name="DeleteXsjh1" time="19.488" classname="com.edu.zmj.task.DeleteXsjh"/>
  <testcase name="SearchContract1" time="13.048" classname="com.edu.zmj.task.SearchContract">
    <failure type="java.lang.AssertionError" message="expected [true] but found [false]">
      <![CDATA[java.lang.AssertionError: expected [true] but found [false]
at com.edu.zmj.task.SearchContract.SearchContract1(SearchContract.java:27)
... Removed 29 stack frames]]>
    </failure>
  </testcase> <!-- SearchContract1 -->
  <testcase name="SearchContract2" time="16.177" classname="com.edu.zmj.task.SearchContract"/>
  <testcase name="SearchCustomer1" time="13.006" classname="com.edu.zmj.task.SearchCustomer"/>
  <testcase name="SearchCustomer2" time="16.184" classname="com.edu.zmj.task.SearchCustomer"/>
  <testcase name="SearchPayment1" time="13.036" classname="com.edu.zmj.task.SearchPayment">
    <failure type="java.lang.AssertionError" message="expected [true] but found [false]">
      <![CDATA[java.lang.AssertionError: expected [true] but found [false]
at com.edu.zmj.task.SearchPayment.SearchPayment1(SearchPayment.java:27)
... Removed 29 stack frames]]>
    </failure>
  </testcase> <!-- SearchPayment1 -->
  <testcase name="SearchPayment2" time="16.194" classname="com.edu.zmj.task.SearchPayment"/>
  <testcase name="SearchProject1" time="13.015" classname="com.edu.zmj.task.SearchProject"/>
  <testcase name="SearchProject2" time="16.177" classname="com.edu.zmj.task.SearchProject"/>
  <testcase name="SearchProject3" time="22.643" classname="com.edu.zmj.task.SearchProject"/>
  <testcase name="SearchReceipt1" time="13.029" classname="com.edu.zmj.task.SearchReceipt">
    <failure type="java.lang.AssertionError" message="expected [true] but found [false]">
      <![CDATA[java.lang.AssertionError: expected [true] but found [false]
at com.edu.zmj.task.SearchReceipt.SearchReceipt1(SearchReceipt.java:27)
... Removed 29 stack frames]]>
    </failure>
  </testcase> <!-- SearchReceipt1 -->
  <testcase name="SearchReceipt2" time="16.165" classname="com.edu.zmj.task.SearchReceipt"/>
  <testcase name="SearchTask1" time="9.773" classname="com.edu.zmj.task.SearchTask"/>
  <testcase name="SearchTask2" time="12.982" classname="com.edu.zmj.task.SearchTask"/>
  <testcase name="SearchTask3" time="19.404" classname="com.edu.zmj.task.SearchTask">
    <failure type="java.lang.AssertionError" message="expected [true] but found [false]">
      <![CDATA[java.lang.AssertionError: expected [true] but found [false]
at com.edu.zmj.task.SearchTask.SearchTask3(SearchTask.java:44)
... Removed 29 stack frames]]>
    </failure>
  </testcase> <!-- SearchTask3 -->
  <testcase name="SearchXsjh1" time="13.026" classname="com.edu.zmj.task.SearchXsjh"/>
  <testcase name="SearchXsjh2" time="16.187" classname="com.edu.zmj.task.SearchXsjh"/>
  <testcase name="AddCompany1" time="19.176" classname="com.edu.yanjie.system.basicmangement.company.AddCompany"/>
  <testcase name="AddCompany2" time="22.416" classname="com.edu.yanjie.system.basicmangement.company.AddCompany"/>
  <testcase name="AddCompany3" time="22.506" classname="com.edu.yanjie.system.basicmangement.company.AddCompany"/>
  <testcase name="AddCompany4" time="22.409" classname="com.edu.yanjie.system.basicmangement.company.AddCompany">
    <failure type="java.lang.AssertionError" message="expected [true] but found [false]">
      <![CDATA[java.lang.AssertionError: expected [true] but found [false]
at com.edu.yanjie.system.basicmangement.company.AddCompany.AddCompany4(AddCompany.java:87)
... Removed 29 stack frames]]>
    </failure>
  </testcase> <!-- AddCompany4 -->
  <testcase name="AddCompany5" time="22.464" classname="com.edu.yanjie.system.basicmangement.company.AddCompany"/>
  <testcase name="AddCompany6" time="22.588" classname="com.edu.yanjie.system.basicmangement.company.AddCompany">
    <failure type="java.lang.AssertionError" message="expected [true] but found [false]">
      <![CDATA[java.lang.AssertionError: expected [true] but found [false]
at com.edu.yanjie.system.basicmangement.company.AddCompany.AddCompany6(AddCompany.java:161)
... Removed 29 stack frames]]>
    </failure>
  </testcase> <!-- AddCompany6 -->
  <testcase name="AddCompany7" time="22.417" classname="com.edu.yanjie.system.basicmangement.company.AddCompany">
    <failure type="java.lang.AssertionError" message="expected [true] but found [false]">
      <![CDATA[java.lang.AssertionError: expected [true] but found [false]
at com.edu.yanjie.system.basicmangement.company.AddCompany.AddCompany7(AddCompany.java:200)
... Removed 29 stack frames]]>
    </failure>
  </testcase> <!-- AddCompany7 -->
  <testcase name="SearchCompany1" time="13.022" classname="com.edu.yanjie.system.basicmangement.company.SearchCompany"/>
  <testcase name="SearchCompany2" time="16.172" classname="com.edu.yanjie.system.basicmangement.company.SearchCompany">
    <failure type="java.lang.AssertionError" message="expected [true] but found [false]">
      <![CDATA[java.lang.AssertionError: expected [true] but found [false]
at com.edu.yanjie.system.basicmangement.company.SearchCompany.SearchCompany2(SearchCompany.java:38)
... Removed 29 stack frames]]>
    </failure>
  </testcase> <!-- SearchCompany2 -->
  <testcase name="addGroup1" time="13.167" classname="com.edu.yanjie.system.basicmangement.groupMangement.AddGroup">
    <failure type="java.lang.AssertionError" message="expected [true] but found [false]">
      <![CDATA[java.lang.AssertionError: expected [true] but found [false]
at com.edu.yanjie.system.basicmangement.groupMangement.AddGroup.addGroup1(AddGroup.java:29)
... Removed 29 stack frames]]>
    </failure>
  </testcase> <!-- addGroup1 -->
  <testcase name="addGroup2" time="12.972" classname="com.edu.yanjie.system.basicmangement.groupMangement.AddGroup">
    <failure type="java.lang.NullPointerException">
      <![CDATA[java.lang.NullPointerException
at com.edu.core.WebDriverEngine.isEnabled(WebDriverEngine.java:191)
at com.edu.yanjie.system.basicmangement.groupMangement.AddGroup.addGroup2(AddGroup.java:36)
... Removed 25 stack frames]]>
    </failure>
  </testcase> <!-- addGroup2 -->
  <testcase name="addGroupUser1" time="23.026" classname="com.edu.yanjie.system.basicmangement.groupMangement.AddGroupUser">
    <failure type="java.lang.AssertionError" message="expected [true] but found [false]">
      <![CDATA[java.lang.AssertionError: expected [true] but found [false]
at com.edu.yanjie.system.basicmangement.groupMangement.AddGroupUser.addGroupUser1(AddGroupUser.java:35)
... Removed 29 stack frames]]>
    </failure>
  </testcase> <!-- addGroupUser1 -->
  <testcase name="addGroupUser2" time="9.762" classname="com.edu.yanjie.system.basicmangement.groupMangement.AddGroupUser">
    <failure type="java.lang.AssertionError" message="expected [false] but found [true]">
      <![CDATA[java.lang.AssertionError: expected [false] but found [true]
at com.edu.yanjie.system.basicmangement.groupMangement.AddGroupUser.addGroupUser2(AddGroupUser.java:44)
... Removed 29 stack frames]]>
    </failure>
  </testcase> <!-- addGroupUser2 -->
  <testcase name="addGroupUser3" time="13.12" classname="com.edu.yanjie.system.basicmangement.groupMangement.AddGroupUser">
    <failure type="java.lang.AssertionError" message="expected [false] but found [true]">
      <![CDATA[java.lang.AssertionError: expected [false] but found [true]
at com.edu.yanjie.system.basicmangement.groupMangement.AddGroupUser.addGroupUser3(AddGroupUser.java:55)
... Removed 29 stack frames]]>
    </failure>
  </testcase> <!-- addGroupUser3 -->
  <testcase name="addJunior1" time="9.742" classname="com.edu.yanjie.system.basicmangement.organization.AddJunior"/>
  <testcase name="addJunior2" time="19.57" classname="com.edu.yanjie.system.basicmangement.organization.AddJunior">
    <failure type="java.lang.AssertionError" message="expected [true] but found [false]">
      <![CDATA[java.lang.AssertionError: expected [true] but found [false]
at com.edu.yanjie.system.basicmangement.organization.AddJunior.addJunior2(AddJunior.java:41)
... Removed 29 stack frames]]>
    </failure>
  </testcase> <!-- addJunior2 -->
  <testcase name="addJunior3" time="20.408" classname="com.edu.yanjie.system.basicmangement.organization.AddJunior">
    <failure type="java.lang.AssertionError" message="expected [false] but found [true]">
      <![CDATA[java.lang.AssertionError: expected [false] but found [true]
at com.edu.yanjie.system.basicmangement.organization.AddJunior.addJunior3(AddJunior.java:51)
... Removed 29 stack frames]]>
    </failure>
  </testcase> <!-- addJunior3 -->
  <testcase name="addUser1" time="35.556" classname="com.edu.yanjie.system.basicmangement.userMangement.AddUser"/>
  <testcase name="addUser1" time="35.616" classname="com.edu.yanjie.system.basicmangement.userMangement.AddUser"/>
  <testcase name="addUser1" time="35.564" classname="com.edu.yanjie.system.basicmangement.userMangement.AddUser"/>
  <testcase name="addUser1" time="35.601" classname="com.edu.yanjie.system.basicmangement.userMangement.AddUser"/>
  <testcase name="addUser1" time="35.579" classname="com.edu.yanjie.system.basicmangement.userMangement.AddUser"/>
  <testcase name="addUser2" time="38.838" classname="com.edu.yanjie.system.basicmangement.userMangement.AddUser"/>
  <testcase name="changePhoto1" time="12.979" classname="com.edu.yanjie.system.basicmangement.userMangement.ChangePhoto">
    <failure type="java.lang.AssertionError" message="expected [false] but found [true]">
      <![CDATA[java.lang.AssertionError: expected [false] but found [true]
at com.edu.yanjie.system.basicmangement.userMangement.ChangePhoto.changePhoto1(ChangePhoto.java:26)
... Removed 29 stack frames]]>
    </failure>
  </testcase> <!-- changePhoto1 -->
  <testcase name="changePhoto2" time="16.154" classname="com.edu.yanjie.system.basicmangement.userMangement.ChangePhoto">
    <failure type="org.openqa.selenium.ElementClickInterceptedException" message="Element &amp;lt;button id=&amp;quot;btneditface_1576220025888_160&amp;quot; class=&amp;quot;btn btn-default&amp;quot; type=&amp;quot;button&amp;quot;&amp;gt; is not clickable at point (1302,121) because another element &amp;lt;td id=&amp;quot;tdright_1576220025888_160&amp;quot;&amp;gt; obscures it
Build info: version: &amp;apos;3.141.59&amp;apos;, revision: &amp;apos;e82be7d358&amp;apos;, time: &amp;apos;2018-11-14T08:25:53&amp;apos;
System info: host: &amp;apos;小琪琪的XPRO&amp;apos;, ip: &amp;apos;169.254.129.110&amp;apos;, os.name: &amp;apos;Windows 10&amp;apos;, os.arch: &amp;apos;amd64&amp;apos;, os.version: &amp;apos;10.0&amp;apos;, java.version: &amp;apos;1.8.0_171&amp;apos;
Driver info: org.openqa.selenium.firefox.FirefoxDriver
Capabilities {acceptInsecureCerts: true, browserName: firefox, browserVersion: 65.0.2, javascriptEnabled: true, moz:accessibilityChecks: false, moz:geckodriverVersion: 0.24.0, moz:headless: false, moz:processID: 15572, moz:profile: C:\Users\李嘉琪\AppData\Local\..., moz:shutdownTimeout: 60000, moz:useNonSpecCompliantPointerOrigin: false, moz:webdriverClick: true, pageLoadStrategy: normal, platform: WINDOWS, platformName: WINDOWS, platformVersion: 10.0, rotatable: false, setWindowRect: true, strictFileInteractability: false, timeouts: {implicit: 0, pageLoad: 300000, script: 30000}, unhandledPromptBehavior: dismiss and notify}
Session ID: c77ad608-5dd0-482b-9e6f-80150b57dbe3">
      <![CDATA[org.openqa.selenium.ElementClickInterceptedException: Element <button id="btneditface_1576220025888_160" class="btn btn-default" type="button"> is not clickable at point (1302,121) because another element <td id="tdright_1576220025888_160"> obscures it
Build info: version: '3.141.59', revision: 'e82be7d358', time: '2018-11-14T08:25:53'
System info: host: '小琪琪的XPRO', ip: '169.254.129.110', os.name: 'Windows 10', os.arch: 'amd64', os.version: '10.0', java.version: '1.8.0_171'
Driver info: org.openqa.selenium.firefox.FirefoxDriver
Capabilities {acceptInsecureCerts: true, browserName: firefox, browserVersion: 65.0.2, javascriptEnabled: true, moz:accessibilityChecks: false, moz:geckodriverVersion: 0.24.0, moz:headless: false, moz:processID: 15572, moz:profile: C:\Users\李嘉琪\AppData\Local\..., moz:shutdownTimeout: 60000, moz:useNonSpecCompliantPointerOrigin: false, moz:webdriverClick: true, pageLoadStrategy: normal, platform: WINDOWS, platformName: WINDOWS, platformVersion: 10.0, rotatable: false, setWindowRect: true, strictFileInteractability: false, timeouts: {implicit: 0, pageLoad: 300000, script: 30000}, unhandledPromptBehavior: dismiss and notify}
Session ID: c77ad608-5dd0-482b-9e6f-80150b57dbe3
at org.openqa.selenium.remote.http.W3CHttpResponseCodec.createException(W3CHttpResponseCodec.java:187)
at org.openqa.selenium.remote.http.W3CHttpResponseCodec.decode(W3CHttpResponseCodec.java:122)
at org.openqa.selenium.remote.http.W3CHttpResponseCodec.decode(W3CHttpResponseCodec.java:49)
at org.openqa.selenium.remote.HttpCommandExecutor.execute(HttpCommandExecutor.java:158)
at org.openqa.selenium.remote.service.DriverCommandExecutor.execute(DriverCommandExecutor.java:83)
at org.openqa.selenium.remote.RemoteWebDriver.execute(RemoteWebDriver.java:552)
at org.openqa.selenium.remote.RemoteWebElement.execute(RemoteWebElement.java:285)
at org.openqa.selenium.remote.RemoteWebElement.click(RemoteWebElement.java:84)
at com.edu.core.WebDriverEngine.click(WebDriverEngine.java:149)
at com.edu.yanjie.system.basicmangement.userMangement.ChangePhoto.changePhoto2(ChangePhoto.java:37)
... Removed 29 stack frames]]>
    </failure>
  </testcase> <!-- changePhoto2 -->
  <testcase name="changePhoto3" time="29.089" classname="com.edu.yanjie.system.basicmangement.userMangement.ChangePhoto">
    <failure type="org.openqa.selenium.InvalidArgumentException" message="File not found: D:\demo\1.txt
Build info: version: &amp;apos;3.141.59&amp;apos;, revision: &amp;apos;e82be7d358&amp;apos;, time: &amp;apos;2018-11-14T08:25:53&amp;apos;
System info: host: &amp;apos;小琪琪的XPRO&amp;apos;, ip: &amp;apos;169.254.129.110&amp;apos;, os.name: &amp;apos;Windows 10&amp;apos;, os.arch: &amp;apos;amd64&amp;apos;, os.version: &amp;apos;10.0&amp;apos;, java.version: &amp;apos;1.8.0_171&amp;apos;
Driver info: org.openqa.selenium.firefox.FirefoxDriver
Capabilities {acceptInsecureCerts: true, browserName: firefox, browserVersion: 65.0.2, javascriptEnabled: true, moz:accessibilityChecks: false, moz:geckodriverVersion: 0.24.0, moz:headless: false, moz:processID: 15572, moz:profile: C:\Users\李嘉琪\AppData\Local\..., moz:shutdownTimeout: 60000, moz:useNonSpecCompliantPointerOrigin: false, moz:webdriverClick: true, pageLoadStrategy: normal, platform: WINDOWS, platformName: WINDOWS, platformVersion: 10.0, rotatable: false, setWindowRect: true, strictFileInteractability: false, timeouts: {implicit: 0, pageLoad: 300000, script: 30000}, unhandledPromptBehavior: dismiss and notify}
Session ID: c77ad608-5dd0-482b-9e6f-80150b57dbe3">
      <![CDATA[org.openqa.selenium.InvalidArgumentException: File not found: D:\demo\1.txt
Build info: version: '3.141.59', revision: 'e82be7d358', time: '2018-11-14T08:25:53'
System info: host: '小琪琪的XPRO', ip: '169.254.129.110', os.name: 'Windows 10', os.arch: 'amd64', os.version: '10.0', java.version: '1.8.0_171'
Driver info: org.openqa.selenium.firefox.FirefoxDriver
Capabilities {acceptInsecureCerts: true, browserName: firefox, browserVersion: 65.0.2, javascriptEnabled: true, moz:accessibilityChecks: false, moz:geckodriverVersion: 0.24.0, moz:headless: false, moz:processID: 15572, moz:profile: C:\Users\李嘉琪\AppData\Local\..., moz:shutdownTimeout: 60000, moz:useNonSpecCompliantPointerOrigin: false, moz:webdriverClick: true, pageLoadStrategy: normal, platform: WINDOWS, platformName: WINDOWS, platformVersion: 10.0, rotatable: false, setWindowRect: true, strictFileInteractability: false, timeouts: {implicit: 0, pageLoad: 300000, script: 30000}, unhandledPromptBehavior: dismiss and notify}
Session ID: c77ad608-5dd0-482b-9e6f-80150b57dbe3
at org.openqa.selenium.remote.http.W3CHttpResponseCodec.createException(W3CHttpResponseCodec.java:187)
at org.openqa.selenium.remote.http.W3CHttpResponseCodec.decode(W3CHttpResponseCodec.java:122)
at org.openqa.selenium.remote.http.W3CHttpResponseCodec.decode(W3CHttpResponseCodec.java:49)
at org.openqa.selenium.remote.HttpCommandExecutor.execute(HttpCommandExecutor.java:158)
at org.openqa.selenium.remote.service.DriverCommandExecutor.execute(DriverCommandExecutor.java:83)
at org.openqa.selenium.remote.RemoteWebDriver.execute(RemoteWebDriver.java:552)
at org.openqa.selenium.remote.RemoteWebElement.execute(RemoteWebElement.java:285)
at org.openqa.selenium.remote.RemoteWebElement.sendKeys(RemoteWebElement.java:106)
at com.edu.core.WebDriverEngine.type(WebDriverEngine.java:136)
at com.edu.yanjie.system.basicmangement.userMangement.ChangePhoto.changePhoto3(ChangePhoto.java:74)
... Removed 29 stack frames]]>
    </failure>
  </testcase> <!-- changePhoto3 -->
  <testcase name="changePhoto4" time="29.346" classname="com.edu.yanjie.system.basicmangement.userMangement.ChangePhoto">
    <failure type="org.openqa.selenium.InvalidArgumentException" message="File not found: D:\demo\头像.png
Build info: version: &amp;apos;3.141.59&amp;apos;, revision: &amp;apos;e82be7d358&amp;apos;, time: &amp;apos;2018-11-14T08:25:53&amp;apos;
System info: host: &amp;apos;小琪琪的XPRO&amp;apos;, ip: &amp;apos;169.254.129.110&amp;apos;, os.name: &amp;apos;Windows 10&amp;apos;, os.arch: &amp;apos;amd64&amp;apos;, os.version: &amp;apos;10.0&amp;apos;, java.version: &amp;apos;1.8.0_171&amp;apos;
Driver info: org.openqa.selenium.firefox.FirefoxDriver
Capabilities {acceptInsecureCerts: true, browserName: firefox, browserVersion: 65.0.2, javascriptEnabled: true, moz:accessibilityChecks: false, moz:geckodriverVersion: 0.24.0, moz:headless: false, moz:processID: 15572, moz:profile: C:\Users\李嘉琪\AppData\Local\..., moz:shutdownTimeout: 60000, moz:useNonSpecCompliantPointerOrigin: false, moz:webdriverClick: true, pageLoadStrategy: normal, platform: WINDOWS, platformName: WINDOWS, platformVersion: 10.0, rotatable: false, setWindowRect: true, strictFileInteractability: false, timeouts: {implicit: 0, pageLoad: 300000, script: 30000}, unhandledPromptBehavior: dismiss and notify}
Session ID: c77ad608-5dd0-482b-9e6f-80150b57dbe3">
      <![CDATA[org.openqa.selenium.InvalidArgumentException: File not found: D:\demo\头像.png
Build info: version: '3.141.59', revision: 'e82be7d358', time: '2018-11-14T08:25:53'
System info: host: '小琪琪的XPRO', ip: '169.254.129.110', os.name: 'Windows 10', os.arch: 'amd64', os.version: '10.0', java.version: '1.8.0_171'
Driver info: org.openqa.selenium.firefox.FirefoxDriver
Capabilities {acceptInsecureCerts: true, browserName: firefox, browserVersion: 65.0.2, javascriptEnabled: true, moz:accessibilityChecks: false, moz:geckodriverVersion: 0.24.0, moz:headless: false, moz:processID: 15572, moz:profile: C:\Users\李嘉琪\AppData\Local\..., moz:shutdownTimeout: 60000, moz:useNonSpecCompliantPointerOrigin: false, moz:webdriverClick: true, pageLoadStrategy: normal, platform: WINDOWS, platformName: WINDOWS, platformVersion: 10.0, rotatable: false, setWindowRect: true, strictFileInteractability: false, timeouts: {implicit: 0, pageLoad: 300000, script: 30000}, unhandledPromptBehavior: dismiss and notify}
Session ID: c77ad608-5dd0-482b-9e6f-80150b57dbe3
at org.openqa.selenium.remote.http.W3CHttpResponseCodec.createException(W3CHttpResponseCodec.java:187)
at org.openqa.selenium.remote.http.W3CHttpResponseCodec.decode(W3CHttpResponseCodec.java:122)
at org.openqa.selenium.remote.http.W3CHttpResponseCodec.decode(W3CHttpResponseCodec.java:49)
at org.openqa.selenium.remote.HttpCommandExecutor.execute(HttpCommandExecutor.java:158)
at org.openqa.selenium.remote.service.DriverCommandExecutor.execute(DriverCommandExecutor.java:83)
at org.openqa.selenium.remote.RemoteWebDriver.execute(RemoteWebDriver.java:552)
at org.openqa.selenium.remote.RemoteWebElement.execute(RemoteWebElement.java:285)
at org.openqa.selenium.remote.RemoteWebElement.sendKeys(RemoteWebElement.java:106)
at com.edu.core.WebDriverEngine.type(WebDriverEngine.java:136)
at com.edu.yanjie.system.basicmangement.userMangement.ChangePhoto.changePhoto4(ChangePhoto.java:100)
... Removed 29 stack frames]]>
    </failure>
  </testcase> <!-- changePhoto4 -->
  <testcase name="importUser1" time="35.858" classname="com.edu.yanjie.system.basicmangement.userMangement.ImportUser"/>
  <testcase name="importUser2" time="29.403" classname="com.edu.yanjie.system.basicmangement.userMangement.ImportUser">
    <failure type="org.openqa.selenium.ElementClickInterceptedException" message="Element &amp;lt;button class=&amp;quot;btn btn-success&amp;quot; type=&amp;quot;button&amp;quot;&amp;gt; is not clickable at point (299,476) because another element &amp;lt;div&amp;gt; obscures it
Build info: version: &amp;apos;3.141.59&amp;apos;, revision: &amp;apos;e82be7d358&amp;apos;, time: &amp;apos;2018-11-14T08:25:53&amp;apos;
System info: host: &amp;apos;小琪琪的XPRO&amp;apos;, ip: &amp;apos;169.254.129.110&amp;apos;, os.name: &amp;apos;Windows 10&amp;apos;, os.arch: &amp;apos;amd64&amp;apos;, os.version: &amp;apos;10.0&amp;apos;, java.version: &amp;apos;1.8.0_171&amp;apos;
Driver info: org.openqa.selenium.firefox.FirefoxDriver
Capabilities {acceptInsecureCerts: true, browserName: firefox, browserVersion: 65.0.2, javascriptEnabled: true, moz:accessibilityChecks: false, moz:geckodriverVersion: 0.24.0, moz:headless: false, moz:processID: 17716, moz:profile: C:\Users\李嘉琪\AppData\Local\..., moz:shutdownTimeout: 60000, moz:useNonSpecCompliantPointerOrigin: false, moz:webdriverClick: true, pageLoadStrategy: normal, platform: WINDOWS, platformName: WINDOWS, platformVersion: 10.0, rotatable: false, setWindowRect: true, strictFileInteractability: false, timeouts: {implicit: 0, pageLoad: 300000, script: 30000}, unhandledPromptBehavior: dismiss and notify}
Session ID: 02d20a01-9fc0-467a-ab36-fe597e8f0733">
      <![CDATA[org.openqa.selenium.ElementClickInterceptedException: Element <button class="btn btn-success" type="button"> is not clickable at point (299,476) because another element <div> obscures it
Build info: version: '3.141.59', revision: 'e82be7d358', time: '2018-11-14T08:25:53'
System info: host: '小琪琪的XPRO', ip: '169.254.129.110', os.name: 'Windows 10', os.arch: 'amd64', os.version: '10.0', java.version: '1.8.0_171'
Driver info: org.openqa.selenium.firefox.FirefoxDriver
Capabilities {acceptInsecureCerts: true, browserName: firefox, browserVersion: 65.0.2, javascriptEnabled: true, moz:accessibilityChecks: false, moz:geckodriverVersion: 0.24.0, moz:headless: false, moz:processID: 17716, moz:profile: C:\Users\李嘉琪\AppData\Local\..., moz:shutdownTimeout: 60000, moz:useNonSpecCompliantPointerOrigin: false, moz:webdriverClick: true, pageLoadStrategy: normal, platform: WINDOWS, platformName: WINDOWS, platformVersion: 10.0, rotatable: false, setWindowRect: true, strictFileInteractability: false, timeouts: {implicit: 0, pageLoad: 300000, script: 30000}, unhandledPromptBehavior: dismiss and notify}
Session ID: 02d20a01-9fc0-467a-ab36-fe597e8f0733
at org.openqa.selenium.remote.http.W3CHttpResponseCodec.createException(W3CHttpResponseCodec.java:187)
at org.openqa.selenium.remote.http.W3CHttpResponseCodec.decode(W3CHttpResponseCodec.java:122)
at org.openqa.selenium.remote.http.W3CHttpResponseCodec.decode(W3CHttpResponseCodec.java:49)
at org.openqa.selenium.remote.HttpCommandExecutor.execute(HttpCommandExecutor.java:158)
at org.openqa.selenium.remote.service.DriverCommandExecutor.execute(DriverCommandExecutor.java:83)
at org.openqa.selenium.remote.RemoteWebDriver.execute(RemoteWebDriver.java:552)
at org.openqa.selenium.remote.RemoteWebElement.execute(RemoteWebElement.java:285)
at org.openqa.selenium.remote.RemoteWebElement.click(RemoteWebElement.java:84)
at com.edu.core.WebDriverEngine.click(WebDriverEngine.java:149)
at com.edu.yanjie.system.basicmangement.userMangement.ImportUser.importUser2(ImportUser.java:65)
... Removed 29 stack frames]]>
    </failure>
  </testcase> <!-- importUser2 -->
  <testcase name="importUser3" time="29.364" classname="com.edu.yanjie.system.basicmangement.userMangement.ImportUser">
    <failure type="org.openqa.selenium.ElementClickInterceptedException" message="Element &amp;lt;button class=&amp;quot;btn btn-success&amp;quot; type=&amp;quot;button&amp;quot;&amp;gt; is not clickable at point (299,476) because another element &amp;lt;div&amp;gt; obscures it
Build info: version: &amp;apos;3.141.59&amp;apos;, revision: &amp;apos;e82be7d358&amp;apos;, time: &amp;apos;2018-11-14T08:25:53&amp;apos;
System info: host: &amp;apos;小琪琪的XPRO&amp;apos;, ip: &amp;apos;169.254.129.110&amp;apos;, os.name: &amp;apos;Windows 10&amp;apos;, os.arch: &amp;apos;amd64&amp;apos;, os.version: &amp;apos;10.0&amp;apos;, java.version: &amp;apos;1.8.0_171&amp;apos;
Driver info: org.openqa.selenium.firefox.FirefoxDriver
Capabilities {acceptInsecureCerts: true, browserName: firefox, browserVersion: 65.0.2, javascriptEnabled: true, moz:accessibilityChecks: false, moz:geckodriverVersion: 0.24.0, moz:headless: false, moz:processID: 17716, moz:profile: C:\Users\李嘉琪\AppData\Local\..., moz:shutdownTimeout: 60000, moz:useNonSpecCompliantPointerOrigin: false, moz:webdriverClick: true, pageLoadStrategy: normal, platform: WINDOWS, platformName: WINDOWS, platformVersion: 10.0, rotatable: false, setWindowRect: true, strictFileInteractability: false, timeouts: {implicit: 0, pageLoad: 300000, script: 30000}, unhandledPromptBehavior: dismiss and notify}
Session ID: 02d20a01-9fc0-467a-ab36-fe597e8f0733">
      <![CDATA[org.openqa.selenium.ElementClickInterceptedException: Element <button class="btn btn-success" type="button"> is not clickable at point (299,476) because another element <div> obscures it
Build info: version: '3.141.59', revision: 'e82be7d358', time: '2018-11-14T08:25:53'
System info: host: '小琪琪的XPRO', ip: '169.254.129.110', os.name: 'Windows 10', os.arch: 'amd64', os.version: '10.0', java.version: '1.8.0_171'
Driver info: org.openqa.selenium.firefox.FirefoxDriver
Capabilities {acceptInsecureCerts: true, browserName: firefox, browserVersion: 65.0.2, javascriptEnabled: true, moz:accessibilityChecks: false, moz:geckodriverVersion: 0.24.0, moz:headless: false, moz:processID: 17716, moz:profile: C:\Users\李嘉琪\AppData\Local\..., moz:shutdownTimeout: 60000, moz:useNonSpecCompliantPointerOrigin: false, moz:webdriverClick: true, pageLoadStrategy: normal, platform: WINDOWS, platformName: WINDOWS, platformVersion: 10.0, rotatable: false, setWindowRect: true, strictFileInteractability: false, timeouts: {implicit: 0, pageLoad: 300000, script: 30000}, unhandledPromptBehavior: dismiss and notify}
Session ID: 02d20a01-9fc0-467a-ab36-fe597e8f0733
at org.openqa.selenium.remote.http.W3CHttpResponseCodec.createException(W3CHttpResponseCodec.java:187)
at org.openqa.selenium.remote.http.W3CHttpResponseCodec.decode(W3CHttpResponseCodec.java:122)
at org.openqa.selenium.remote.http.W3CHttpResponseCodec.decode(W3CHttpResponseCodec.java:49)
at org.openqa.selenium.remote.HttpCommandExecutor.execute(HttpCommandExecutor.java:158)
at org.openqa.selenium.remote.service.DriverCommandExecutor.execute(DriverCommandExecutor.java:83)
at org.openqa.selenium.remote.RemoteWebDriver.execute(RemoteWebDriver.java:552)
at org.openqa.selenium.remote.RemoteWebElement.execute(RemoteWebElement.java:285)
at org.openqa.selenium.remote.RemoteWebElement.click(RemoteWebElement.java:84)
at com.edu.core.WebDriverEngine.click(WebDriverEngine.java:149)
at com.edu.yanjie.system.basicmangement.userMangement.ImportUser.importUser3(ImportUser.java:91)
... Removed 29 stack frames]]>
    </failure>
  </testcase> <!-- importUser3 -->
  <testcase name="importUser4" time="13.005" classname="com.edu.yanjie.system.basicmangement.userMangement.ImportUser">
    <failure type="org.openqa.selenium.ElementClickInterceptedException" message="Element &amp;lt;button class=&amp;quot;btn btn-success&amp;quot; type=&amp;quot;button&amp;quot;&amp;gt; is not clickable at point (299,476) because another element &amp;lt;div&amp;gt; obscures it
Build info: version: &amp;apos;3.141.59&amp;apos;, revision: &amp;apos;e82be7d358&amp;apos;, time: &amp;apos;2018-11-14T08:25:53&amp;apos;
System info: host: &amp;apos;小琪琪的XPRO&amp;apos;, ip: &amp;apos;169.254.129.110&amp;apos;, os.name: &amp;apos;Windows 10&amp;apos;, os.arch: &amp;apos;amd64&amp;apos;, os.version: &amp;apos;10.0&amp;apos;, java.version: &amp;apos;1.8.0_171&amp;apos;
Driver info: org.openqa.selenium.firefox.FirefoxDriver
Capabilities {acceptInsecureCerts: true, browserName: firefox, browserVersion: 65.0.2, javascriptEnabled: true, moz:accessibilityChecks: false, moz:geckodriverVersion: 0.24.0, moz:headless: false, moz:processID: 17716, moz:profile: C:\Users\李嘉琪\AppData\Local\..., moz:shutdownTimeout: 60000, moz:useNonSpecCompliantPointerOrigin: false, moz:webdriverClick: true, pageLoadStrategy: normal, platform: WINDOWS, platformName: WINDOWS, platformVersion: 10.0, rotatable: false, setWindowRect: true, strictFileInteractability: false, timeouts: {implicit: 0, pageLoad: 300000, script: 30000}, unhandledPromptBehavior: dismiss and notify}
Session ID: 02d20a01-9fc0-467a-ab36-fe597e8f0733">
      <![CDATA[org.openqa.selenium.ElementClickInterceptedException: Element <button class="btn btn-success" type="button"> is not clickable at point (299,476) because another element <div> obscures it
Build info: version: '3.141.59', revision: 'e82be7d358', time: '2018-11-14T08:25:53'
System info: host: '小琪琪的XPRO', ip: '169.254.129.110', os.name: 'Windows 10', os.arch: 'amd64', os.version: '10.0', java.version: '1.8.0_171'
Driver info: org.openqa.selenium.firefox.FirefoxDriver
Capabilities {acceptInsecureCerts: true, browserName: firefox, browserVersion: 65.0.2, javascriptEnabled: true, moz:accessibilityChecks: false, moz:geckodriverVersion: 0.24.0, moz:headless: false, moz:processID: 17716, moz:profile: C:\Users\李嘉琪\AppData\Local\..., moz:shutdownTimeout: 60000, moz:useNonSpecCompliantPointerOrigin: false, moz:webdriverClick: true, pageLoadStrategy: normal, platform: WINDOWS, platformName: WINDOWS, platformVersion: 10.0, rotatable: false, setWindowRect: true, strictFileInteractability: false, timeouts: {implicit: 0, pageLoad: 300000, script: 30000}, unhandledPromptBehavior: dismiss and notify}
Session ID: 02d20a01-9fc0-467a-ab36-fe597e8f0733
at org.openqa.selenium.remote.http.W3CHttpResponseCodec.createException(W3CHttpResponseCodec.java:187)
at org.openqa.selenium.remote.http.W3CHttpResponseCodec.decode(W3CHttpResponseCodec.java:122)
at org.openqa.selenium.remote.http.W3CHttpResponseCodec.decode(W3CHttpResponseCodec.java:49)
at org.openqa.selenium.remote.HttpCommandExecutor.execute(HttpCommandExecutor.java:158)
at org.openqa.selenium.remote.service.DriverCommandExecutor.execute(DriverCommandExecutor.java:83)
at org.openqa.selenium.remote.RemoteWebDriver.execute(RemoteWebDriver.java:552)
at org.openqa.selenium.remote.RemoteWebElement.execute(RemoteWebElement.java:285)
at org.openqa.selenium.remote.RemoteWebElement.click(RemoteWebElement.java:84)
at com.edu.core.WebDriverEngine.click(WebDriverEngine.java:149)
at com.edu.yanjie.system.basicmangement.userMangement.ImportUser.importUser4(ImportUser.java:101)
... Removed 29 stack frames]]>
    </failure>
  </testcase> <!-- importUser4 -->
  <testcase name="addConversation1" time="13.16" classname="com.edu.yanjie.system.IM.conversationManagement.AddConversation"/>
  <testcase name="addConversation2" time="16.164" classname="com.edu.yanjie.system.IM.conversationManagement.AddConversation"/>
  <testcase name="addConversation3" time="26.061" classname="com.edu.yanjie.system.IM.conversationManagement.AddConversation">
    <failure type="java.lang.AssertionError" message="expected [true] but found [false]">
      <![CDATA[java.lang.AssertionError: expected [true] but found [false]
at com.edu.yanjie.system.IM.conversationManagement.AddConversation.addConversation3(AddConversation.java:51)
... Removed 29 stack frames]]>
    </failure>
  </testcase> <!-- addConversation3 -->
  <testcase name="sendMessage1" time="2.341" classname="com.edu.yanjie.system.IM.conversationManagement.SendMessage">
    <failure type="java.lang.AssertionError" message="expected [true] but found [false]">
      <![CDATA[java.lang.AssertionError: expected [true] but found [false]
at com.edu.yanjie.system.IM.conversationManagement.SendMessage.sendMessage1(SendMessage.java:26)
... Removed 29 stack frames]]>
    </failure>
  </testcase> <!-- sendMessage1 -->
  <testcase name="sendMessage2" time="2.09" classname="com.edu.yanjie.system.IM.conversationManagement.SendMessage">
    <failure type="java.lang.AssertionError" message="expected [true] but found [false]">
      <![CDATA[java.lang.AssertionError: expected [true] but found [false]
at com.edu.yanjie.system.IM.conversationManagement.SendMessage.sendMessage2(SendMessage.java:34)
... Removed 29 stack frames]]>
    </failure>
  </testcase> <!-- sendMessage2 -->
  <testcase name="sendMessage3" time="2.366" classname="com.edu.yanjie.system.IM.conversationManagement.SendMessage">
    <failure type="org.openqa.selenium.JavascriptException" message="TypeError: arguments[0] is null
Build info: version: &amp;apos;3.141.59&amp;apos;, revision: &amp;apos;e82be7d358&amp;apos;, time: &amp;apos;2018-11-14T08:25:53&amp;apos;
System info: host: &amp;apos;小琪琪的XPRO&amp;apos;, ip: &amp;apos;169.254.129.110&amp;apos;, os.name: &amp;apos;Windows 10&amp;apos;, os.arch: &amp;apos;amd64&amp;apos;, os.version: &amp;apos;10.0&amp;apos;, java.version: &amp;apos;1.8.0_171&amp;apos;
Driver info: org.openqa.selenium.firefox.FirefoxDriver
Capabilities {acceptInsecureCerts: true, browserName: firefox, browserVersion: 65.0.2, javascriptEnabled: true, moz:accessibilityChecks: false, moz:geckodriverVersion: 0.24.0, moz:headless: false, moz:processID: 18564, moz:profile: C:\Users\李嘉琪\AppData\Local\..., moz:shutdownTimeout: 60000, moz:useNonSpecCompliantPointerOrigin: false, moz:webdriverClick: true, pageLoadStrategy: normal, platform: WINDOWS, platformName: WINDOWS, platformVersion: 10.0, rotatable: false, setWindowRect: true, strictFileInteractability: false, timeouts: {implicit: 0, pageLoad: 300000, script: 30000}, unhandledPromptBehavior: dismiss and notify}
Session ID: 7d253333-e53a-41f7-8d71-2f3a0580e9a0">
      <![CDATA[org.openqa.selenium.JavascriptException: TypeError: arguments[0] is null
Build info: version: '3.141.59', revision: 'e82be7d358', time: '2018-11-14T08:25:53'
System info: host: '小琪琪的XPRO', ip: '169.254.129.110', os.name: 'Windows 10', os.arch: 'amd64', os.version: '10.0', java.version: '1.8.0_171'
Driver info: org.openqa.selenium.firefox.FirefoxDriver
Capabilities {acceptInsecureCerts: true, browserName: firefox, browserVersion: 65.0.2, javascriptEnabled: true, moz:accessibilityChecks: false, moz:geckodriverVersion: 0.24.0, moz:headless: false, moz:processID: 18564, moz:profile: C:\Users\李嘉琪\AppData\Local\..., moz:shutdownTimeout: 60000, moz:useNonSpecCompliantPointerOrigin: false, moz:webdriverClick: true, pageLoadStrategy: normal, platform: WINDOWS, platformName: WINDOWS, platformVersion: 10.0, rotatable: false, setWindowRect: true, strictFileInteractability: false, timeouts: {implicit: 0, pageLoad: 300000, script: 30000}, unhandledPromptBehavior: dismiss and notify}
Session ID: 7d253333-e53a-41f7-8d71-2f3a0580e9a0
at org.openqa.selenium.remote.http.W3CHttpResponseCodec.createException(W3CHttpResponseCodec.java:187)
at org.openqa.selenium.remote.http.W3CHttpResponseCodec.decode(W3CHttpResponseCodec.java:122)
at org.openqa.selenium.remote.http.W3CHttpResponseCodec.decode(W3CHttpResponseCodec.java:49)
at org.openqa.selenium.remote.HttpCommandExecutor.execute(HttpCommandExecutor.java:158)
at org.openqa.selenium.remote.service.DriverCommandExecutor.execute(DriverCommandExecutor.java:83)
at org.openqa.selenium.remote.RemoteWebDriver.execute(RemoteWebDriver.java:552)
at org.openqa.selenium.remote.RemoteWebDriver.executeScript(RemoteWebDriver.java:489)
at com.edu.core.WebDriverEngine.ElementDisplay(WebDriverEngine.java:285)
at com.edu.yanjie.system.IM.conversationManagement.SendMessage.sendMessage3(SendMessage.java:43)
... Removed 29 stack frames]]>
    </failure>
  </testcase> <!-- sendMessage3 -->
  <testcase name="sendMessage4" time="2.087" classname="com.edu.yanjie.system.IM.conversationManagement.SendMessage">
    <failure type="org.openqa.selenium.JavascriptException" message="TypeError: arguments[0] is null
Build info: version: &amp;apos;3.141.59&amp;apos;, revision: &amp;apos;e82be7d358&amp;apos;, time: &amp;apos;2018-11-14T08:25:53&amp;apos;
System info: host: &amp;apos;小琪琪的XPRO&amp;apos;, ip: &amp;apos;169.254.129.110&amp;apos;, os.name: &amp;apos;Windows 10&amp;apos;, os.arch: &amp;apos;amd64&amp;apos;, os.version: &amp;apos;10.0&amp;apos;, java.version: &amp;apos;1.8.0_171&amp;apos;
Driver info: org.openqa.selenium.firefox.FirefoxDriver
Capabilities {acceptInsecureCerts: true, browserName: firefox, browserVersion: 65.0.2, javascriptEnabled: true, moz:accessibilityChecks: false, moz:geckodriverVersion: 0.24.0, moz:headless: false, moz:processID: 18564, moz:profile: C:\Users\李嘉琪\AppData\Local\..., moz:shutdownTimeout: 60000, moz:useNonSpecCompliantPointerOrigin: false, moz:webdriverClick: true, pageLoadStrategy: normal, platform: WINDOWS, platformName: WINDOWS, platformVersion: 10.0, rotatable: false, setWindowRect: true, strictFileInteractability: false, timeouts: {implicit: 0, pageLoad: 300000, script: 30000}, unhandledPromptBehavior: dismiss and notify}
Session ID: 7d253333-e53a-41f7-8d71-2f3a0580e9a0">
      <![CDATA[org.openqa.selenium.JavascriptException: TypeError: arguments[0] is null
Build info: version: '3.141.59', revision: 'e82be7d358', time: '2018-11-14T08:25:53'
System info: host: '小琪琪的XPRO', ip: '169.254.129.110', os.name: 'Windows 10', os.arch: 'amd64', os.version: '10.0', java.version: '1.8.0_171'
Driver info: org.openqa.selenium.firefox.FirefoxDriver
Capabilities {acceptInsecureCerts: true, browserName: firefox, browserVersion: 65.0.2, javascriptEnabled: true, moz:accessibilityChecks: false, moz:geckodriverVersion: 0.24.0, moz:headless: false, moz:processID: 18564, moz:profile: C:\Users\李嘉琪\AppData\Local\..., moz:shutdownTimeout: 60000, moz:useNonSpecCompliantPointerOrigin: false, moz:webdriverClick: true, pageLoadStrategy: normal, platform: WINDOWS, platformName: WINDOWS, platformVersion: 10.0, rotatable: false, setWindowRect: true, strictFileInteractability: false, timeouts: {implicit: 0, pageLoad: 300000, script: 30000}, unhandledPromptBehavior: dismiss and notify}
Session ID: 7d253333-e53a-41f7-8d71-2f3a0580e9a0
at org.openqa.selenium.remote.http.W3CHttpResponseCodec.createException(W3CHttpResponseCodec.java:187)
at org.openqa.selenium.remote.http.W3CHttpResponseCodec.decode(W3CHttpResponseCodec.java:122)
at org.openqa.selenium.remote.http.W3CHttpResponseCodec.decode(W3CHttpResponseCodec.java:49)
at org.openqa.selenium.remote.HttpCommandExecutor.execute(HttpCommandExecutor.java:158)
at org.openqa.selenium.remote.service.DriverCommandExecutor.execute(DriverCommandExecutor.java:83)
at org.openqa.selenium.remote.RemoteWebDriver.execute(RemoteWebDriver.java:552)
at org.openqa.selenium.remote.RemoteWebDriver.executeScript(RemoteWebDriver.java:489)
at com.edu.core.WebDriverEngine.ElementDisplay(WebDriverEngine.java:285)
at com.edu.yanjie.system.IM.conversationManagement.SendMessage.sendMessage4(SendMessage.java:54)
... Removed 29 stack frames]]>
    </failure>
  </testcase> <!-- sendMessage4 -->
  <testcase name="deleteConversation1" time="12.976" classname="com.edu.yanjie.system.IM.conversationRecord.DeleteConversation">
    <failure type="java.lang.AssertionError" message="expected [false] but found [true]">
      <![CDATA[java.lang.AssertionError: expected [false] but found [true]
at com.edu.yanjie.system.IM.conversationRecord.DeleteConversation.deleteConversation1(DeleteConversation.java:23)
... Removed 29 stack frames]]>
    </failure>
  </testcase> <!-- deleteConversation1 -->
  <testcase name="ExportConversation1" time="16.199" classname="com.edu.yanjie.system.IM.conversationRecord.ExportConversation"/>
  <testcase name="searchConversation1" time="13.019" classname="com.edu.yanjie.system.IM.conversationRecord.SearchConversation"/>
  <testcase name="searchConversation2" time="13.0" classname="com.edu.yanjie.system.IM.conversationRecord.SearchConversation"/>
  <testcase name="searchConversation3" time="22.754" classname="com.edu.yanjie.system.IM.conversationRecord.SearchConversation"/>
  <testcase name="subscripitonOperate1" time="12.986" classname="com.edu.yanjie.system.subscriptionManagement.subscriptionManagement.RunSubscription"/>
  <testcase name="subscripitonOperate2" time="9.73" classname="com.edu.yanjie.system.subscriptionManagement.subscriptionManagement.RunSubscription">
    <failure type="java.lang.NullPointerException">
      <![CDATA[java.lang.NullPointerException
at java.util.Objects.requireNonNull(Objects.java:203)
at org.openqa.selenium.interactions.PointerInput$Origin.fromElement(PointerInput.java:222)
at org.openqa.selenium.interactions.Actions.moveInTicks(Actions.java:416)
at org.openqa.selenium.interactions.Actions.doubleClick(Actions.java:361)
at com.edu.core.WebDriverEngine.doubleClick(WebDriverEngine.java:173)
at com.edu.yanjie.system.subscriptionManagement.subscriptionManagement.RunSubscription.subscripitonOperate2(RunSubscription.java:30)
... Removed 25 stack frames]]>
    </failure>
  </testcase> <!-- subscripitonOperate2 -->
  <testcase name="subscripitonOperate1" time="12.871" classname="com.edu.yanjie.system.subscriptionManagement.subscriptionManagement.SubscriptionOperate">
    <failure type="org.openqa.selenium.NoSuchFrameException" message="No frame element found by name or id openinputiframe
Build info: version: &amp;apos;3.141.59&amp;apos;, revision: &amp;apos;e82be7d358&amp;apos;, time: &amp;apos;2018-11-14T08:25:53&amp;apos;
System info: host: &amp;apos;小琪琪的XPRO&amp;apos;, ip: &amp;apos;169.254.129.110&amp;apos;, os.name: &amp;apos;Windows 10&amp;apos;, os.arch: &amp;apos;amd64&amp;apos;, os.version: &amp;apos;10.0&amp;apos;, java.version: &amp;apos;1.8.0_171&amp;apos;
Driver info: driver.version: unknown">
      <![CDATA[org.openqa.selenium.NoSuchFrameException: No frame element found by name or id openinputiframe
Build info: version: '3.141.59', revision: 'e82be7d358', time: '2018-11-14T08:25:53'
System info: host: '小琪琪的XPRO', ip: '169.254.129.110', os.name: 'Windows 10', os.arch: 'amd64', os.version: '10.0', java.version: '1.8.0_171'
Driver info: driver.version: unknown
at org.openqa.selenium.remote.RemoteWebDriver$RemoteTargetLocator.frame(RemoteWebDriver.java:885)
at com.edu.core.WebDriverEngine.enterFrame(WebDriverEngine.java:65)
at com.edu.yanjie.system.subscriptionManagement.subscriptionManagement.SubscriptionOperate.subscripitonOperate1(SubscriptionOperate.java:27)
... Removed 25 stack frames]]>
    </failure>
  </testcase> <!-- subscripitonOperate1 -->
  <testcase name="subscripitonOperate2" time="12.852" classname="com.edu.yanjie.system.subscriptionManagement.subscriptionManagement.SubscriptionOperate">
    <failure type="org.openqa.selenium.NoSuchFrameException" message="No frame element found by name or id openinputiframe
Build info: version: &amp;apos;3.141.59&amp;apos;, revision: &amp;apos;e82be7d358&amp;apos;, time: &amp;apos;2018-11-14T08:25:53&amp;apos;
System info: host: &amp;apos;小琪琪的XPRO&amp;apos;, ip: &amp;apos;169.254.129.110&amp;apos;, os.name: &amp;apos;Windows 10&amp;apos;, os.arch: &amp;apos;amd64&amp;apos;, os.version: &amp;apos;10.0&amp;apos;, java.version: &amp;apos;1.8.0_171&amp;apos;
Driver info: driver.version: unknown">
      <![CDATA[org.openqa.selenium.NoSuchFrameException: No frame element found by name or id openinputiframe
Build info: version: '3.141.59', revision: 'e82be7d358', time: '2018-11-14T08:25:53'
System info: host: '小琪琪的XPRO', ip: '169.254.129.110', os.name: 'Windows 10', os.arch: 'amd64', os.version: '10.0', java.version: '1.8.0_171'
Driver info: driver.version: unknown
at org.openqa.selenium.remote.RemoteWebDriver$RemoteTargetLocator.frame(RemoteWebDriver.java:885)
at com.edu.core.WebDriverEngine.enterFrame(WebDriverEngine.java:65)
at com.edu.yanjie.system.subscriptionManagement.subscriptionManagement.SubscriptionOperate.subscripitonOperate2(SubscriptionOperate.java:39)
... Removed 25 stack frames]]>
    </failure>
  </testcase> <!-- subscripitonOperate2 -->
  <testcase name="SearchSuscription" time="13.038" classname="com.edu.yanjie.system.subscriptionManagement.subscriptionTable.OperateSubscriptionTable">
    <failure type="java.lang.AssertionError" message="expected [true] but found [false]">
      <![CDATA[java.lang.AssertionError: expected [true] but found [false]
at com.edu.yanjie.system.subscriptionManagement.subscriptionTable.OperateSubscriptionTable.SearchSuscription(OperateSubscriptionTable.java:50)
... Removed 29 stack frames]]>
    </failure>
  </testcase> <!-- SearchSuscription -->
  <testcase name="openSuscription" time="9.737" classname="com.edu.yanjie.system.subscriptionManagement.subscriptionTable.OperateSubscriptionTable">
    <failure type="java.lang.IndexOutOfBoundsException" message="Index: 1, Size: 1">
      <![CDATA[java.lang.IndexOutOfBoundsException: Index: 1, Size: 1
at java.util.ArrayList.rangeCheck(ArrayList.java:657)
at java.util.ArrayList.get(ArrayList.java:433)
at com.edu.core.WebDriverEngine.switchWidow(WebDriverEngine.java:306)
at com.edu.yanjie.system.subscriptionManagement.subscriptionTable.OperateSubscriptionTable.openSuscription(OperateSubscriptionTable.java:26)
... Removed 25 stack frames]]>
    </failure>
  </testcase> <!-- openSuscription -->
  <testcase name="viewPhoto" time="13.082" classname="com.edu.yanjie.system.systemTools.uploadManagement.UploadManagement"/>
</testsuite> <!-- test2 -->
